[2025-05-25T01:55:57.376+0000] {local_task_job_runner.py:120} INFO - ::group::Pre task execution logs
[2025-05-25T01:55:57.425+0000] {taskinstance.py:2076} INFO - Dependencies all met for dep_context=non-requeueable deps ti=<TaskInstance: welcome_dag.print_date_format scheduled__2025-05-24T00:04:00+00:00 [queued]>
[2025-05-25T01:55:57.446+0000] {taskinstance.py:2076} INFO - Dependencies all met for dep_context=requeueable deps ti=<TaskInstance: welcome_dag.print_date_format scheduled__2025-05-24T00:04:00+00:00 [queued]>
[2025-05-25T01:55:57.447+0000] {taskinstance.py:2306} INFO - Starting attempt 1 of 1
[2025-05-25T01:55:57.488+0000] {taskinstance.py:2330} INFO - Executing <Task(PythonOperator): print_date_format> on 2025-05-24 00:04:00+00:00
[2025-05-25T01:55:57.496+0000] {standard_task_runner.py:63} INFO - Started process 521 to run task
[2025-05-25T01:55:57.500+0000] {standard_task_runner.py:90} INFO - Running: ['airflow', 'tasks', 'run', 'welcome_dag', 'print_date_format', 'scheduled__2025-05-24T00:04:00+00:00', '--job-id', '25', '--raw', '--subdir', 'DAGS_FOLDER/welcome.py', '--cfg-path', '/tmp/tmpk0hbcjik']
[2025-05-25T01:55:57.504+0000] {standard_task_runner.py:91} INFO - Job 25: Subtask print_date_format
[2025-05-25T01:55:57.621+0000] {task_command.py:426} INFO - Running <TaskInstance: welcome_dag.print_date_format scheduled__2025-05-24T00:04:00+00:00 [running]> on host fa09eeb0c661
[2025-05-25T01:55:57.786+0000] {taskinstance.py:2648} INFO - Exporting env vars: AIRFLOW_CTX_DAG_OWNER='airflow' AIRFLOW_CTX_DAG_ID='welcome_dag' AIRFLOW_CTX_TASK_ID='print_date_format' AIRFLOW_CTX_EXECUTION_DATE='2025-05-24T00:04:00+00:00' AIRFLOW_CTX_TRY_NUMBER='1' AIRFLOW_CTX_DAG_RUN_ID='scheduled__2025-05-24T00:04:00+00:00'
[2025-05-25T01:55:57.787+0000] {taskinstance.py:430} INFO - ::endgroup::
[2025-05-25T01:55:57.805+0000] {logging_mixin.py:188} INFO - Printing the date format
[2025-05-25T01:55:57.806+0000] {logging_mixin.py:188} INFO - TODAY DATE IS THIS ....
[2025-05-25T01:55:57.807+0000] {logging_mixin.py:188} INFO - datetime.now :  2025-05-25 01:55:57.807028
[2025-05-25T01:55:57.807+0000] {logging_mixin.py:188} INFO - time delta :  1 day, 0:00:00
[2025-05-25T01:55:57.808+0000] {logging_mixin.py:188} INFO - 2025-05-24 01:55:57.808413
[2025-05-25T01:55:57.809+0000] {python.py:237} INFO - Done. Returned value was: None
[2025-05-25T01:55:57.809+0000] {taskinstance.py:441} INFO - ::group::Post task execution logs
[2025-05-25T01:55:57.829+0000] {taskinstance.py:1206} INFO - Marking task as SUCCESS. dag_id=welcome_dag, task_id=print_date_format, run_id=scheduled__2025-05-24T00:04:00+00:00, execution_date=20250524T000400, start_date=20250525T015557, end_date=20250525T015557
[2025-05-25T01:55:57.876+0000] {local_task_job_runner.py:240} INFO - Task exited with return code 0
[2025-05-25T01:55:57.901+0000] {taskinstance.py:3498} INFO - 0 downstream tasks scheduled from follow-on schedule check
[2025-05-25T01:55:57.903+0000] {local_task_job_runner.py:222} INFO - ::endgroup::
