[2025-05-25T15:33:36.599+0000] {local_task_job_runner.py:120} INFO - ::group::Pre task execution logs
[2025-05-25T15:33:36.618+0000] {taskinstance.py:2076} INFO - Dependencies all met for dep_context=non-requeueable deps ti=<TaskInstance: weather_etl_pipeline.extract_weather_data manual__2025-05-25T15:33:30.449274+00:00 [queued]>
[2025-05-25T15:33:36.633+0000] {taskinstance.py:2076} INFO - Dependencies all met for dep_context=requeueable deps ti=<TaskInstance: weather_etl_pipeline.extract_weather_data manual__2025-05-25T15:33:30.449274+00:00 [queued]>
[2025-05-25T15:33:36.634+0000] {taskinstance.py:2306} INFO - Starting attempt 1 of 1
[2025-05-25T15:33:36.667+0000] {taskinstance.py:2330} INFO - Executing <Task(PythonOperator): extract_weather_data> on 2025-05-25 15:33:30.449274+00:00
[2025-05-25T15:33:36.671+0000] {standard_task_runner.py:63} INFO - Started process 1520 to run task
[2025-05-25T15:33:36.676+0000] {standard_task_runner.py:90} INFO - Running: ['airflow', 'tasks', 'run', 'weather_etl_pipeline', 'extract_weather_data', 'manual__2025-05-25T15:33:30.449274+00:00', '--job-id', '44', '--raw', '--subdir', 'DAGS_FOLDER/etl_weather.py', '--cfg-path', '/tmp/tmpnyvwzg6y']
[2025-05-25T15:33:36.679+0000] {standard_task_runner.py:91} INFO - Job 44: Subtask extract_weather_data
[2025-05-25T15:33:36.765+0000] {task_command.py:426} INFO - Running <TaskInstance: weather_etl_pipeline.extract_weather_data manual__2025-05-25T15:33:30.449274+00:00 [running]> on host fa09eeb0c661
[2025-05-25T15:33:36.897+0000] {taskinstance.py:2648} INFO - Exporting env vars: AIRFLOW_CTX_DAG_OWNER='airflow' AIRFLOW_CTX_DAG_ID='weather_etl_pipeline' AIRFLOW_CTX_TASK_ID='extract_weather_data' AIRFLOW_CTX_EXECUTION_DATE='2025-05-25T15:33:30.449274+00:00' AIRFLOW_CTX_TRY_NUMBER='1' AIRFLOW_CTX_DAG_RUN_ID='manual__2025-05-25T15:33:30.449274+00:00'
[2025-05-25T15:33:36.898+0000] {taskinstance.py:430} INFO - ::endgroup::
[2025-05-25T15:33:36.924+0000] {base.py:84} INFO - Using connection ID 'open_meteo_api' for task execution.
[2025-05-25T15:33:37.767+0000] {logging_mixin.py:188} INFO - Raw weather data from api *********** : {'latitude': 51.5, 'longitude': -0.120000124, 'generationtime_ms': 0.032901763916015625, 'utc_offset_seconds': 0, 'timezone': 'GMT', 'timezone_abbreviation': 'GMT', 'elevation': 16.0, 'current_weather_units': {'time': 'iso8601', 'interval': 'seconds', 'temperature': '°C', 'windspeed': 'km/h', 'winddirection': '°', 'is_day': '', 'weathercode': 'wmo code'}, 'current_weather': {'time': '2025-05-25T15:30', 'interval': 900, 'temperature': 19.0, 'windspeed': 21.2, 'winddirection': 270, 'is_day': 1, 'weathercode': 2}}
[2025-05-25T15:33:37.767+0000] {logging_mixin.py:188} INFO - Total entries in the db :  9
[2025-05-25T15:33:37.796+0000] {python.py:237} INFO - Done. Returned value was: None
[2025-05-25T15:33:37.797+0000] {taskinstance.py:441} INFO - ::group::Post task execution logs
[2025-05-25T15:33:37.809+0000] {taskinstance.py:1206} INFO - Marking task as SUCCESS. dag_id=weather_etl_pipeline, task_id=extract_weather_data, run_id=manual__2025-05-25T15:33:30.449274+00:00, execution_date=20250525T153330, start_date=20250525T153336, end_date=20250525T153337
[2025-05-25T15:33:37.854+0000] {local_task_job_runner.py:240} INFO - Task exited with return code 0
[2025-05-25T15:33:37.894+0000] {taskinstance.py:3498} INFO - 1 downstream tasks scheduled from follow-on schedule check
[2025-05-25T15:33:37.901+0000] {local_task_job_runner.py:222} INFO - ::endgroup::
