[2025-05-24T20:16:21.945+0000] {local_task_job_runner.py:120} INFO - ::group::Pre task execution logs
[2025-05-24T20:16:21.978+0000] {taskinstance.py:2076} INFO - Dependencies all met for dep_context=non-requeueable deps ti=<TaskInstance: mysql_query_dag.query_mysql_data manual__2025-05-24T20:16:17.752980+00:00 [queued]>
[2025-05-24T20:16:21.992+0000] {taskinstance.py:2076} INFO - Dependencies all met for dep_context=requeueable deps ti=<TaskInstance: mysql_query_dag.query_mysql_data manual__2025-05-24T20:16:17.752980+00:00 [queued]>
[2025-05-24T20:16:21.992+0000] {taskinstance.py:2306} INFO - Starting attempt 1 of 1
[2025-05-24T20:16:22.022+0000] {taskinstance.py:2330} INFO - Executing <Task(PythonOperator): query_mysql_data> on 2025-05-24 20:16:17.752980+00:00
[2025-05-24T20:16:22.028+0000] {standard_task_runner.py:63} INFO - Started process 373 to run task
[2025-05-24T20:16:22.033+0000] {standard_task_runner.py:90} INFO - Running: ['airflow', 'tasks', 'run', 'mysql_query_dag', 'query_mysql_data', 'manual__2025-05-24T20:16:17.752980+00:00', '--job-id', '20', '--raw', '--subdir', 'DAGS_FOLDER/code_2.py', '--cfg-path', '/tmp/tmp837olkks']
[2025-05-24T20:16:22.035+0000] {standard_task_runner.py:91} INFO - Job 20: Subtask query_mysql_data
[2025-05-24T20:16:22.126+0000] {task_command.py:426} INFO - Running <TaskInstance: mysql_query_dag.query_mysql_data manual__2025-05-24T20:16:17.752980+00:00 [running]> on host fa09eeb0c661
[2025-05-24T20:16:22.287+0000] {taskinstance.py:2648} INFO - Exporting env vars: AIRFLOW_CTX_DAG_OWNER='airflow' AIRFLOW_CTX_DAG_ID='mysql_query_dag' AIRFLOW_CTX_TASK_ID='query_mysql_data' AIRFLOW_CTX_EXECUTION_DATE='2025-05-24T20:16:17.752980+00:00' AIRFLOW_CTX_TRY_NUMBER='1' AIRFLOW_CTX_DAG_RUN_ID='manual__2025-05-24T20:16:17.752980+00:00'
[2025-05-24T20:16:22.288+0000] {taskinstance.py:430} INFO - ::endgroup::
[2025-05-24T20:16:22.319+0000] {base.py:84} INFO - Using connection ID 'my_mysql_conn' for task execution.
[2025-05-24T20:16:22.348+0000] {logging_mixin.py:188} INFO - Results :  ((1, 'Zain Ul Abidin', 22),)
[2025-05-24T20:16:22.349+0000] {logging_mixin.py:188} INFO - (1, 'Zain Ul Abidin', 22)====>  (1, 'Zain Ul Abidin', 22)
[2025-05-24T20:16:22.349+0000] {python.py:237} INFO - Done. Returned value was: None
[2025-05-24T20:16:22.350+0000] {taskinstance.py:441} INFO - ::group::Post task execution logs
[2025-05-24T20:16:22.359+0000] {taskinstance.py:1206} INFO - Marking task as SUCCESS. dag_id=mysql_query_dag, task_id=query_mysql_data, run_id=manual__2025-05-24T20:16:17.752980+00:00, execution_date=20250524T201617, start_date=20250524T201621, end_date=20250524T201622
[2025-05-24T20:16:22.407+0000] {local_task_job_runner.py:240} INFO - Task exited with return code 0
[2025-05-24T20:16:22.430+0000] {taskinstance.py:3498} INFO - 0 downstream tasks scheduled from follow-on schedule check
[2025-05-24T20:16:22.432+0000] {local_task_job_runner.py:222} INFO - ::endgroup::
