[2025-05-24T19:19:09.432+0000] {local_task_job_runner.py:120} INFO - ::group::Pre task execution logs
[2025-05-24T19:19:09.465+0000] {taskinstance.py:2076} INFO - Dependencies all met for dep_context=non-requeueable deps ti=<TaskInstance: welcome_dag.print_date_format manual__2025-05-24T19:18:50.620923+00:00 [queued]>
[2025-05-24T19:19:09.479+0000] {taskinstance.py:2076} INFO - Dependencies all met for dep_context=requeueable deps ti=<TaskInstance: welcome_dag.print_date_format manual__2025-05-24T19:18:50.620923+00:00 [queued]>
[2025-05-24T19:19:09.480+0000] {taskinstance.py:2306} INFO - Starting attempt 1 of 1
[2025-05-24T19:19:09.512+0000] {taskinstance.py:2330} INFO - Executing <Task(PythonOperator): print_date_format> on 2025-05-24 19:18:50.620923+00:00
[2025-05-24T19:19:09.515+0000] {standard_task_runner.py:63} INFO - Started process 280 to run task
[2025-05-24T19:19:09.517+0000] {standard_task_runner.py:90} INFO - Running: ['airflow', 'tasks', 'run', 'welcome_dag', 'print_date_format', 'manual__2025-05-24T19:18:50.620923+00:00', '--job-id', '18', '--raw', '--subdir', 'DAGS_FOLDER/welcome.py', '--cfg-path', '/tmp/tmp03_bbv52']
[2025-05-24T19:19:09.519+0000] {standard_task_runner.py:91} INFO - Job 18: Subtask print_date_format
[2025-05-24T19:19:09.616+0000] {task_command.py:426} INFO - Running <TaskInstance: welcome_dag.print_date_format manual__2025-05-24T19:18:50.620923+00:00 [running]> on host fa09eeb0c661
[2025-05-24T19:19:09.788+0000] {taskinstance.py:2648} INFO - Exporting env vars: AIRFLOW_CTX_DAG_OWNER='airflow' AIRFLOW_CTX_DAG_ID='welcome_dag' AIRFLOW_CTX_TASK_ID='print_date_format' AIRFLOW_CTX_EXECUTION_DATE='2025-05-24T19:18:50.620923+00:00' AIRFLOW_CTX_TRY_NUMBER='1' AIRFLOW_CTX_DAG_RUN_ID='manual__2025-05-24T19:18:50.620923+00:00'
[2025-05-24T19:19:09.790+0000] {taskinstance.py:430} INFO - ::endgroup::
[2025-05-24T19:19:09.810+0000] {logging_mixin.py:188} INFO - Printing the date format
[2025-05-24T19:19:09.811+0000] {logging_mixin.py:188} INFO - TODAY DATE IS THIS ....
[2025-05-24T19:19:09.811+0000] {logging_mixin.py:188} INFO - datetime.now :  2025-05-24 19:19:09.811565
[2025-05-24T19:19:09.812+0000] {logging_mixin.py:188} INFO - time delta :  1 day, 0:00:00
[2025-05-24T19:19:09.812+0000] {logging_mixin.py:188} INFO - 2025-05-23 19:19:09.812451
[2025-05-24T19:19:09.812+0000] {python.py:237} INFO - Done. Returned value was: None
[2025-05-24T19:19:09.813+0000] {taskinstance.py:441} INFO - ::group::Post task execution logs
[2025-05-24T19:19:09.835+0000] {taskinstance.py:1206} INFO - Marking task as SUCCESS. dag_id=welcome_dag, task_id=print_date_format, run_id=manual__2025-05-24T19:18:50.620923+00:00, execution_date=20250524T191850, start_date=20250524T191909, end_date=20250524T191909
[2025-05-24T19:19:09.892+0000] {local_task_job_runner.py:240} INFO - Task exited with return code 0
[2025-05-24T19:19:09.928+0000] {taskinstance.py:3498} INFO - 0 downstream tasks scheduled from follow-on schedule check
[2025-05-24T19:19:09.931+0000] {local_task_job_runner.py:222} INFO - ::endgroup::
