[2025-05-24T19:43:01.202+0000] {processor.py:161} INFO - Started process (PID=323) to work on /opt/airflow/dags/code_2.py
[2025-05-24T19:43:01.204+0000] {processor.py:830} INFO - Processing file /opt/airflow/dags/code_2.py for tasks to queue
[2025-05-24T19:43:01.205+0000] {logging_mixin.py:188} INFO - [2025-05-24T19:43:01.205+0000] {dagbag.py:545} INFO - Filling up the DagBag from /opt/airflow/dags/code_2.py
[2025-05-24T19:43:01.268+0000] {processor.py:840} INFO - DAG(s) 'mysql_query_dag' retrieved from /opt/airflow/dags/code_2.py
[2025-05-24T19:43:01.415+0000] {logging_mixin.py:188} INFO - [2025-05-24T19:43:01.415+0000] {override.py:1829} INFO - Created Permission View: can edit on DAG:mysql_query_dag
[2025-05-24T19:43:01.439+0000] {logging_mixin.py:188} INFO - [2025-05-24T19:43:01.439+0000] {override.py:1829} INFO - Created Permission View: can delete on DAG:mysql_query_dag
[2025-05-24T19:43:01.458+0000] {logging_mixin.py:188} INFO - [2025-05-24T19:43:01.458+0000] {override.py:1829} INFO - Created Permission View: can read on DAG:mysql_query_dag
[2025-05-24T19:43:01.459+0000] {logging_mixin.py:188} INFO - [2025-05-24T19:43:01.459+0000] {dag.py:3096} INFO - Sync 1 DAGs
[2025-05-24T19:43:01.472+0000] {logging_mixin.py:188} INFO - [2025-05-24T19:43:01.471+0000] {dag.py:3118} INFO - Creating ORM DAG for mysql_query_dag
[2025-05-24T19:43:01.472+0000] {logging_mixin.py:188} INFO - [2025-05-24T19:43:01.472+0000] {dag.py:3954} INFO - Setting next_dagrun for mysql_query_dag to None, run_after=None
[2025-05-24T19:43:01.511+0000] {processor.py:183} INFO - Processing /opt/airflow/dags/code_2.py took 0.315 seconds
[2025-05-24T19:43:31.949+0000] {processor.py:161} INFO - Started process (PID=325) to work on /opt/airflow/dags/code_2.py
[2025-05-24T19:43:31.950+0000] {processor.py:830} INFO - Processing file /opt/airflow/dags/code_2.py for tasks to queue
[2025-05-24T19:43:31.951+0000] {logging_mixin.py:188} INFO - [2025-05-24T19:43:31.951+0000] {dagbag.py:545} INFO - Filling up the DagBag from /opt/airflow/dags/code_2.py
[2025-05-24T19:43:31.979+0000] {processor.py:840} INFO - DAG(s) 'mysql_query_dag' retrieved from /opt/airflow/dags/code_2.py
[2025-05-24T19:43:32.009+0000] {logging_mixin.py:188} INFO - [2025-05-24T19:43:32.009+0000] {dag.py:3096} INFO - Sync 1 DAGs
[2025-05-24T19:43:32.024+0000] {logging_mixin.py:188} INFO - [2025-05-24T19:43:32.023+0000] {dag.py:3954} INFO - Setting next_dagrun for mysql_query_dag to None, run_after=None
[2025-05-24T19:43:32.065+0000] {processor.py:183} INFO - Processing /opt/airflow/dags/code_2.py took 0.122 seconds
[2025-05-24T19:44:02.648+0000] {processor.py:161} INFO - Started process (PID=327) to work on /opt/airflow/dags/code_2.py
[2025-05-24T19:44:02.649+0000] {processor.py:830} INFO - Processing file /opt/airflow/dags/code_2.py for tasks to queue
[2025-05-24T19:44:02.651+0000] {logging_mixin.py:188} INFO - [2025-05-24T19:44:02.651+0000] {dagbag.py:545} INFO - Filling up the DagBag from /opt/airflow/dags/code_2.py
[2025-05-24T19:44:02.678+0000] {processor.py:840} INFO - DAG(s) 'mysql_query_dag' retrieved from /opt/airflow/dags/code_2.py
[2025-05-24T19:44:02.709+0000] {logging_mixin.py:188} INFO - [2025-05-24T19:44:02.709+0000] {dag.py:3096} INFO - Sync 1 DAGs
[2025-05-24T19:44:02.724+0000] {logging_mixin.py:188} INFO - [2025-05-24T19:44:02.724+0000] {dag.py:3954} INFO - Setting next_dagrun for mysql_query_dag to None, run_after=None
[2025-05-24T19:44:02.780+0000] {processor.py:183} INFO - Processing /opt/airflow/dags/code_2.py took 0.137 seconds
[2025-05-24T19:44:33.689+0000] {processor.py:161} INFO - Started process (PID=329) to work on /opt/airflow/dags/code_2.py
[2025-05-24T19:44:33.691+0000] {processor.py:830} INFO - Processing file /opt/airflow/dags/code_2.py for tasks to queue
[2025-05-24T19:44:33.693+0000] {logging_mixin.py:188} INFO - [2025-05-24T19:44:33.692+0000] {dagbag.py:545} INFO - Filling up the DagBag from /opt/airflow/dags/code_2.py
[2025-05-24T19:44:33.725+0000] {processor.py:840} INFO - DAG(s) 'mysql_query_dag' retrieved from /opt/airflow/dags/code_2.py
[2025-05-24T19:44:33.758+0000] {logging_mixin.py:188} INFO - [2025-05-24T19:44:33.758+0000] {dag.py:3096} INFO - Sync 1 DAGs
[2025-05-24T19:44:33.774+0000] {logging_mixin.py:188} INFO - [2025-05-24T19:44:33.773+0000] {dag.py:3954} INFO - Setting next_dagrun for mysql_query_dag to None, run_after=None
[2025-05-24T19:44:33.833+0000] {processor.py:183} INFO - Processing /opt/airflow/dags/code_2.py took 0.151 seconds
[2025-05-24T19:45:04.666+0000] {processor.py:161} INFO - Started process (PID=331) to work on /opt/airflow/dags/code_2.py
[2025-05-24T19:45:04.668+0000] {processor.py:830} INFO - Processing file /opt/airflow/dags/code_2.py for tasks to queue
[2025-05-24T19:45:04.670+0000] {logging_mixin.py:188} INFO - [2025-05-24T19:45:04.669+0000] {dagbag.py:545} INFO - Filling up the DagBag from /opt/airflow/dags/code_2.py
[2025-05-24T19:45:04.705+0000] {processor.py:840} INFO - DAG(s) 'mysql_query_dag' retrieved from /opt/airflow/dags/code_2.py
[2025-05-24T19:45:04.728+0000] {logging_mixin.py:188} INFO - [2025-05-24T19:45:04.728+0000] {dag.py:3096} INFO - Sync 1 DAGs
[2025-05-24T19:45:04.742+0000] {logging_mixin.py:188} INFO - [2025-05-24T19:45:04.741+0000] {dag.py:3954} INFO - Setting next_dagrun for mysql_query_dag to None, run_after=None
[2025-05-24T19:45:04.801+0000] {processor.py:183} INFO - Processing /opt/airflow/dags/code_2.py took 0.142 seconds
[2025-05-24T19:45:36.032+0000] {processor.py:161} INFO - Started process (PID=333) to work on /opt/airflow/dags/code_2.py
[2025-05-24T19:45:36.033+0000] {processor.py:830} INFO - Processing file /opt/airflow/dags/code_2.py for tasks to queue
[2025-05-24T19:45:36.035+0000] {logging_mixin.py:188} INFO - [2025-05-24T19:45:36.035+0000] {dagbag.py:545} INFO - Filling up the DagBag from /opt/airflow/dags/code_2.py
[2025-05-24T19:45:36.063+0000] {processor.py:840} INFO - DAG(s) 'mysql_query_dag' retrieved from /opt/airflow/dags/code_2.py
[2025-05-24T19:45:36.092+0000] {logging_mixin.py:188} INFO - [2025-05-24T19:45:36.092+0000] {dag.py:3096} INFO - Sync 1 DAGs
[2025-05-24T19:45:36.107+0000] {logging_mixin.py:188} INFO - [2025-05-24T19:45:36.107+0000] {dag.py:3954} INFO - Setting next_dagrun for mysql_query_dag to None, run_after=None
[2025-05-24T19:45:36.155+0000] {processor.py:183} INFO - Processing /opt/airflow/dags/code_2.py took 0.129 seconds
[2025-05-24T19:46:07.154+0000] {processor.py:161} INFO - Started process (PID=335) to work on /opt/airflow/dags/code_2.py
[2025-05-24T19:46:07.155+0000] {processor.py:830} INFO - Processing file /opt/airflow/dags/code_2.py for tasks to queue
[2025-05-24T19:46:07.157+0000] {logging_mixin.py:188} INFO - [2025-05-24T19:46:07.157+0000] {dagbag.py:545} INFO - Filling up the DagBag from /opt/airflow/dags/code_2.py
[2025-05-24T19:46:07.187+0000] {processor.py:840} INFO - DAG(s) 'mysql_query_dag' retrieved from /opt/airflow/dags/code_2.py
[2025-05-24T19:46:07.216+0000] {logging_mixin.py:188} INFO - [2025-05-24T19:46:07.216+0000] {dag.py:3096} INFO - Sync 1 DAGs
[2025-05-24T19:46:07.231+0000] {logging_mixin.py:188} INFO - [2025-05-24T19:46:07.231+0000] {dag.py:3954} INFO - Setting next_dagrun for mysql_query_dag to None, run_after=None
[2025-05-24T19:46:07.287+0000] {processor.py:183} INFO - Processing /opt/airflow/dags/code_2.py took 0.139 seconds
[2025-05-24T19:46:37.635+0000] {processor.py:161} INFO - Started process (PID=337) to work on /opt/airflow/dags/code_2.py
[2025-05-24T19:46:37.636+0000] {processor.py:830} INFO - Processing file /opt/airflow/dags/code_2.py for tasks to queue
[2025-05-24T19:46:37.638+0000] {logging_mixin.py:188} INFO - [2025-05-24T19:46:37.637+0000] {dagbag.py:545} INFO - Filling up the DagBag from /opt/airflow/dags/code_2.py
[2025-05-24T19:46:37.669+0000] {processor.py:840} INFO - DAG(s) 'mysql_query_dag' retrieved from /opt/airflow/dags/code_2.py
[2025-05-24T19:46:37.703+0000] {logging_mixin.py:188} INFO - [2025-05-24T19:46:37.702+0000] {dag.py:3096} INFO - Sync 1 DAGs
[2025-05-24T19:46:37.720+0000] {logging_mixin.py:188} INFO - [2025-05-24T19:46:37.720+0000] {dag.py:3954} INFO - Setting next_dagrun for mysql_query_dag to None, run_after=None
[2025-05-24T19:46:37.777+0000] {processor.py:183} INFO - Processing /opt/airflow/dags/code_2.py took 0.148 seconds
[2025-05-24T19:47:08.363+0000] {processor.py:161} INFO - Started process (PID=339) to work on /opt/airflow/dags/code_2.py
[2025-05-24T19:47:08.391+0000] {processor.py:830} INFO - Processing file /opt/airflow/dags/code_2.py for tasks to queue
[2025-05-24T19:47:08.429+0000] {logging_mixin.py:188} INFO - [2025-05-24T19:47:08.429+0000] {dagbag.py:545} INFO - Filling up the DagBag from /opt/airflow/dags/code_2.py
[2025-05-24T19:47:08.836+0000] {processor.py:840} INFO - DAG(s) 'mysql_query_dag' retrieved from /opt/airflow/dags/code_2.py
[2025-05-24T19:47:09.072+0000] {logging_mixin.py:188} INFO - [2025-05-24T19:47:09.071+0000] {dag.py:3096} INFO - Sync 1 DAGs
[2025-05-24T19:47:09.167+0000] {logging_mixin.py:188} INFO - [2025-05-24T19:47:09.167+0000] {dag.py:3954} INFO - Setting next_dagrun for mysql_query_dag to None, run_after=None
[2025-05-24T19:47:09.321+0000] {processor.py:183} INFO - Processing /opt/airflow/dags/code_2.py took 0.988 seconds
[2025-05-24T20:12:24.779+0000] {processor.py:161} INFO - Started process (PID=340) to work on /opt/airflow/dags/code_2.py
[2025-05-24T20:12:24.781+0000] {processor.py:830} INFO - Processing file /opt/airflow/dags/code_2.py for tasks to queue
[2025-05-24T20:12:24.784+0000] {logging_mixin.py:188} INFO - [2025-05-24T20:12:24.784+0000] {dagbag.py:545} INFO - Filling up the DagBag from /opt/airflow/dags/code_2.py
[2025-05-24T20:12:24.839+0000] {processor.py:840} INFO - DAG(s) 'mysql_query_dag' retrieved from /opt/airflow/dags/code_2.py
[2025-05-24T20:12:24.888+0000] {logging_mixin.py:188} INFO - [2025-05-24T20:12:24.887+0000] {dag.py:3096} INFO - Sync 1 DAGs
[2025-05-24T20:12:24.909+0000] {logging_mixin.py:188} INFO - [2025-05-24T20:12:24.908+0000] {dag.py:3954} INFO - Setting next_dagrun for mysql_query_dag to None, run_after=None
[2025-05-24T20:12:24.988+0000] {processor.py:183} INFO - Processing /opt/airflow/dags/code_2.py took 0.219 seconds
[2025-05-24T20:12:55.459+0000] {processor.py:161} INFO - Started process (PID=342) to work on /opt/airflow/dags/code_2.py
[2025-05-24T20:12:55.461+0000] {processor.py:830} INFO - Processing file /opt/airflow/dags/code_2.py for tasks to queue
[2025-05-24T20:12:55.464+0000] {logging_mixin.py:188} INFO - [2025-05-24T20:12:55.464+0000] {dagbag.py:545} INFO - Filling up the DagBag from /opt/airflow/dags/code_2.py
[2025-05-24T20:12:55.504+0000] {processor.py:840} INFO - DAG(s) 'mysql_query_dag' retrieved from /opt/airflow/dags/code_2.py
[2025-05-24T20:12:55.543+0000] {logging_mixin.py:188} INFO - [2025-05-24T20:12:55.542+0000] {dag.py:3096} INFO - Sync 1 DAGs
[2025-05-24T20:12:55.561+0000] {logging_mixin.py:188} INFO - [2025-05-24T20:12:55.561+0000] {dag.py:3954} INFO - Setting next_dagrun for mysql_query_dag to None, run_after=None
[2025-05-24T20:12:55.627+0000] {processor.py:183} INFO - Processing /opt/airflow/dags/code_2.py took 0.179 seconds
[2025-05-24T20:13:26.278+0000] {processor.py:161} INFO - Started process (PID=344) to work on /opt/airflow/dags/code_2.py
[2025-05-24T20:13:26.280+0000] {processor.py:830} INFO - Processing file /opt/airflow/dags/code_2.py for tasks to queue
[2025-05-24T20:13:26.282+0000] {logging_mixin.py:188} INFO - [2025-05-24T20:13:26.281+0000] {dagbag.py:545} INFO - Filling up the DagBag from /opt/airflow/dags/code_2.py
[2025-05-24T20:13:26.315+0000] {processor.py:840} INFO - DAG(s) 'mysql_query_dag' retrieved from /opt/airflow/dags/code_2.py
[2025-05-24T20:13:26.348+0000] {logging_mixin.py:188} INFO - [2025-05-24T20:13:26.348+0000] {dag.py:3096} INFO - Sync 1 DAGs
[2025-05-24T20:13:26.364+0000] {logging_mixin.py:188} INFO - [2025-05-24T20:13:26.364+0000] {dag.py:3954} INFO - Setting next_dagrun for mysql_query_dag to None, run_after=None
[2025-05-24T20:13:26.422+0000] {processor.py:183} INFO - Processing /opt/airflow/dags/code_2.py took 0.150 seconds
[2025-05-24T20:13:57.106+0000] {processor.py:161} INFO - Started process (PID=346) to work on /opt/airflow/dags/code_2.py
[2025-05-24T20:13:57.107+0000] {processor.py:830} INFO - Processing file /opt/airflow/dags/code_2.py for tasks to queue
[2025-05-24T20:13:57.110+0000] {logging_mixin.py:188} INFO - [2025-05-24T20:13:57.110+0000] {dagbag.py:545} INFO - Filling up the DagBag from /opt/airflow/dags/code_2.py
[2025-05-24T20:13:57.144+0000] {processor.py:840} INFO - DAG(s) 'mysql_query_dag' retrieved from /opt/airflow/dags/code_2.py
[2025-05-24T20:13:57.181+0000] {logging_mixin.py:188} INFO - [2025-05-24T20:13:57.181+0000] {dag.py:3096} INFO - Sync 1 DAGs
[2025-05-24T20:13:57.199+0000] {logging_mixin.py:188} INFO - [2025-05-24T20:13:57.198+0000] {dag.py:3954} INFO - Setting next_dagrun for mysql_query_dag to None, run_after=None
[2025-05-24T20:13:57.253+0000] {processor.py:183} INFO - Processing /opt/airflow/dags/code_2.py took 0.154 seconds
[2025-05-24T20:14:28.326+0000] {processor.py:161} INFO - Started process (PID=357) to work on /opt/airflow/dags/code_2.py
[2025-05-24T20:14:28.327+0000] {processor.py:830} INFO - Processing file /opt/airflow/dags/code_2.py for tasks to queue
[2025-05-24T20:14:28.329+0000] {logging_mixin.py:188} INFO - [2025-05-24T20:14:28.329+0000] {dagbag.py:545} INFO - Filling up the DagBag from /opt/airflow/dags/code_2.py
[2025-05-24T20:14:28.379+0000] {processor.py:840} INFO - DAG(s) 'mysql_query_dag' retrieved from /opt/airflow/dags/code_2.py
[2025-05-24T20:14:28.426+0000] {logging_mixin.py:188} INFO - [2025-05-24T20:14:28.426+0000] {dag.py:3096} INFO - Sync 1 DAGs
[2025-05-24T20:14:28.442+0000] {logging_mixin.py:188} INFO - [2025-05-24T20:14:28.441+0000] {dag.py:3954} INFO - Setting next_dagrun for mysql_query_dag to None, run_after=None
[2025-05-24T20:14:28.492+0000] {processor.py:183} INFO - Processing /opt/airflow/dags/code_2.py took 0.171 seconds
[2025-05-24T20:14:59.095+0000] {processor.py:161} INFO - Started process (PID=359) to work on /opt/airflow/dags/code_2.py
[2025-05-24T20:14:59.096+0000] {processor.py:830} INFO - Processing file /opt/airflow/dags/code_2.py for tasks to queue
[2025-05-24T20:14:59.099+0000] {logging_mixin.py:188} INFO - [2025-05-24T20:14:59.098+0000] {dagbag.py:545} INFO - Filling up the DagBag from /opt/airflow/dags/code_2.py
[2025-05-24T20:14:59.130+0000] {processor.py:840} INFO - DAG(s) 'mysql_query_dag' retrieved from /opt/airflow/dags/code_2.py
[2025-05-24T20:14:59.167+0000] {logging_mixin.py:188} INFO - [2025-05-24T20:14:59.166+0000] {dag.py:3096} INFO - Sync 1 DAGs
[2025-05-24T20:14:59.181+0000] {logging_mixin.py:188} INFO - [2025-05-24T20:14:59.181+0000] {dag.py:3954} INFO - Setting next_dagrun for mysql_query_dag to None, run_after=None
[2025-05-24T20:14:59.247+0000] {processor.py:183} INFO - Processing /opt/airflow/dags/code_2.py took 0.160 seconds
[2025-05-24T20:15:29.564+0000] {processor.py:161} INFO - Started process (PID=361) to work on /opt/airflow/dags/code_2.py
[2025-05-24T20:15:29.566+0000] {processor.py:830} INFO - Processing file /opt/airflow/dags/code_2.py for tasks to queue
[2025-05-24T20:15:29.569+0000] {logging_mixin.py:188} INFO - [2025-05-24T20:15:29.568+0000] {dagbag.py:545} INFO - Filling up the DagBag from /opt/airflow/dags/code_2.py
[2025-05-24T20:15:29.620+0000] {processor.py:840} INFO - DAG(s) 'mysql_query_dag' retrieved from /opt/airflow/dags/code_2.py
[2025-05-24T20:15:29.680+0000] {logging_mixin.py:188} INFO - [2025-05-24T20:15:29.679+0000] {dag.py:3096} INFO - Sync 1 DAGs
[2025-05-24T20:15:29.711+0000] {logging_mixin.py:188} INFO - [2025-05-24T20:15:29.710+0000] {dag.py:3954} INFO - Setting next_dagrun for mysql_query_dag to None, run_after=None
[2025-05-24T20:15:29.842+0000] {processor.py:183} INFO - Processing /opt/airflow/dags/code_2.py took 0.286 seconds
[2025-05-24T20:16:00.207+0000] {processor.py:161} INFO - Started process (PID=363) to work on /opt/airflow/dags/code_2.py
[2025-05-24T20:16:00.208+0000] {processor.py:830} INFO - Processing file /opt/airflow/dags/code_2.py for tasks to queue
[2025-05-24T20:16:00.211+0000] {logging_mixin.py:188} INFO - [2025-05-24T20:16:00.211+0000] {dagbag.py:545} INFO - Filling up the DagBag from /opt/airflow/dags/code_2.py
[2025-05-24T20:16:00.247+0000] {processor.py:840} INFO - DAG(s) 'mysql_query_dag' retrieved from /opt/airflow/dags/code_2.py
[2025-05-24T20:16:00.274+0000] {logging_mixin.py:188} INFO - [2025-05-24T20:16:00.274+0000] {dag.py:3096} INFO - Sync 1 DAGs
[2025-05-24T20:16:00.289+0000] {logging_mixin.py:188} INFO - [2025-05-24T20:16:00.289+0000] {dag.py:3954} INFO - Setting next_dagrun for mysql_query_dag to None, run_after=None
[2025-05-24T20:16:00.346+0000] {processor.py:183} INFO - Processing /opt/airflow/dags/code_2.py took 0.145 seconds
[2025-05-24T20:16:30.644+0000] {processor.py:161} INFO - Started process (PID=374) to work on /opt/airflow/dags/code_2.py
[2025-05-24T20:16:30.645+0000] {processor.py:830} INFO - Processing file /opt/airflow/dags/code_2.py for tasks to queue
[2025-05-24T20:16:30.648+0000] {logging_mixin.py:188} INFO - [2025-05-24T20:16:30.648+0000] {dagbag.py:545} INFO - Filling up the DagBag from /opt/airflow/dags/code_2.py
[2025-05-24T20:16:30.689+0000] {processor.py:840} INFO - DAG(s) 'mysql_query_dag' retrieved from /opt/airflow/dags/code_2.py
[2025-05-24T20:16:30.725+0000] {logging_mixin.py:188} INFO - [2025-05-24T20:16:30.725+0000] {dag.py:3096} INFO - Sync 1 DAGs
[2025-05-24T20:16:30.745+0000] {logging_mixin.py:188} INFO - [2025-05-24T20:16:30.745+0000] {dag.py:3954} INFO - Setting next_dagrun for mysql_query_dag to None, run_after=None
[2025-05-24T20:16:30.821+0000] {processor.py:183} INFO - Processing /opt/airflow/dags/code_2.py took 0.185 seconds
[2025-05-24T20:17:00.997+0000] {processor.py:161} INFO - Started process (PID=376) to work on /opt/airflow/dags/code_2.py
[2025-05-24T20:17:00.999+0000] {processor.py:830} INFO - Processing file /opt/airflow/dags/code_2.py for tasks to queue
[2025-05-24T20:17:01.001+0000] {logging_mixin.py:188} INFO - [2025-05-24T20:17:01.000+0000] {dagbag.py:545} INFO - Filling up the DagBag from /opt/airflow/dags/code_2.py
[2025-05-24T20:17:01.034+0000] {processor.py:840} INFO - DAG(s) 'mysql_query_dag' retrieved from /opt/airflow/dags/code_2.py
[2025-05-24T20:17:01.065+0000] {logging_mixin.py:188} INFO - [2025-05-24T20:17:01.064+0000] {dag.py:3096} INFO - Sync 1 DAGs
[2025-05-24T20:17:01.082+0000] {logging_mixin.py:188} INFO - [2025-05-24T20:17:01.082+0000] {dag.py:3954} INFO - Setting next_dagrun for mysql_query_dag to None, run_after=None
[2025-05-24T20:17:01.142+0000] {processor.py:183} INFO - Processing /opt/airflow/dags/code_2.py took 0.152 seconds
[2025-05-24T20:17:31.446+0000] {processor.py:161} INFO - Started process (PID=387) to work on /opt/airflow/dags/code_2.py
[2025-05-24T20:17:31.447+0000] {processor.py:830} INFO - Processing file /opt/airflow/dags/code_2.py for tasks to queue
[2025-05-24T20:17:31.451+0000] {logging_mixin.py:188} INFO - [2025-05-24T20:17:31.451+0000] {dagbag.py:545} INFO - Filling up the DagBag from /opt/airflow/dags/code_2.py
[2025-05-24T20:17:31.493+0000] {processor.py:840} INFO - DAG(s) 'mysql_query_dag' retrieved from /opt/airflow/dags/code_2.py
[2025-05-24T20:17:31.529+0000] {logging_mixin.py:188} INFO - [2025-05-24T20:17:31.529+0000] {dag.py:3096} INFO - Sync 1 DAGs
[2025-05-24T20:17:31.546+0000] {logging_mixin.py:188} INFO - [2025-05-24T20:17:31.546+0000] {dag.py:3954} INFO - Setting next_dagrun for mysql_query_dag to None, run_after=None
[2025-05-24T20:17:31.600+0000] {processor.py:183} INFO - Processing /opt/airflow/dags/code_2.py took 0.162 seconds
[2025-05-24T20:18:01.789+0000] {processor.py:161} INFO - Started process (PID=389) to work on /opt/airflow/dags/code_2.py
[2025-05-24T20:18:01.793+0000] {processor.py:830} INFO - Processing file /opt/airflow/dags/code_2.py for tasks to queue
[2025-05-24T20:18:01.795+0000] {logging_mixin.py:188} INFO - [2025-05-24T20:18:01.795+0000] {dagbag.py:545} INFO - Filling up the DagBag from /opt/airflow/dags/code_2.py
[2025-05-24T20:18:01.828+0000] {processor.py:840} INFO - DAG(s) 'mysql_query_dag' retrieved from /opt/airflow/dags/code_2.py
[2025-05-24T20:18:01.858+0000] {logging_mixin.py:188} INFO - [2025-05-24T20:18:01.858+0000] {dag.py:3096} INFO - Sync 1 DAGs
[2025-05-24T20:18:01.875+0000] {logging_mixin.py:188} INFO - [2025-05-24T20:18:01.875+0000] {dag.py:3954} INFO - Setting next_dagrun for mysql_query_dag to None, run_after=None
[2025-05-24T20:18:01.923+0000] {processor.py:183} INFO - Processing /opt/airflow/dags/code_2.py took 0.140 seconds
[2025-05-24T20:18:32.094+0000] {processor.py:161} INFO - Started process (PID=391) to work on /opt/airflow/dags/code_2.py
[2025-05-24T20:18:32.098+0000] {processor.py:830} INFO - Processing file /opt/airflow/dags/code_2.py for tasks to queue
[2025-05-24T20:18:32.102+0000] {logging_mixin.py:188} INFO - [2025-05-24T20:18:32.101+0000] {dagbag.py:545} INFO - Filling up the DagBag from /opt/airflow/dags/code_2.py
[2025-05-24T20:18:32.152+0000] {processor.py:840} INFO - DAG(s) 'mysql_query_dag' retrieved from /opt/airflow/dags/code_2.py
[2025-05-24T20:18:32.198+0000] {logging_mixin.py:188} INFO - [2025-05-24T20:18:32.198+0000] {dag.py:3096} INFO - Sync 1 DAGs
[2025-05-24T20:18:32.221+0000] {logging_mixin.py:188} INFO - [2025-05-24T20:18:32.220+0000] {dag.py:3954} INFO - Setting next_dagrun for mysql_query_dag to None, run_after=None
[2025-05-24T20:18:32.499+0000] {processor.py:183} INFO - Processing /opt/airflow/dags/code_2.py took 0.421 seconds
[2025-05-24T20:19:02.799+0000] {processor.py:161} INFO - Started process (PID=393) to work on /opt/airflow/dags/code_2.py
[2025-05-24T20:19:02.801+0000] {processor.py:830} INFO - Processing file /opt/airflow/dags/code_2.py for tasks to queue
[2025-05-24T20:19:02.803+0000] {logging_mixin.py:188} INFO - [2025-05-24T20:19:02.802+0000] {dagbag.py:545} INFO - Filling up the DagBag from /opt/airflow/dags/code_2.py
[2025-05-24T20:19:02.840+0000] {processor.py:840} INFO - DAG(s) 'mysql_query_dag' retrieved from /opt/airflow/dags/code_2.py
[2025-05-24T20:19:02.886+0000] {logging_mixin.py:188} INFO - [2025-05-24T20:19:02.885+0000] {dag.py:3096} INFO - Sync 1 DAGs
[2025-05-24T20:19:02.918+0000] {logging_mixin.py:188} INFO - [2025-05-24T20:19:02.918+0000] {dag.py:3954} INFO - Setting next_dagrun for mysql_query_dag to None, run_after=None
[2025-05-24T20:19:03.007+0000] {processor.py:183} INFO - Processing /opt/airflow/dags/code_2.py took 0.214 seconds
[2025-05-24T20:19:33.455+0000] {processor.py:161} INFO - Started process (PID=395) to work on /opt/airflow/dags/code_2.py
[2025-05-24T20:19:33.458+0000] {processor.py:830} INFO - Processing file /opt/airflow/dags/code_2.py for tasks to queue
[2025-05-24T20:19:33.464+0000] {logging_mixin.py:188} INFO - [2025-05-24T20:19:33.461+0000] {dagbag.py:545} INFO - Filling up the DagBag from /opt/airflow/dags/code_2.py
[2025-05-24T20:19:33.573+0000] {processor.py:840} INFO - DAG(s) 'mysql_query_dag' retrieved from /opt/airflow/dags/code_2.py
[2025-05-24T20:19:33.609+0000] {logging_mixin.py:188} INFO - [2025-05-24T20:19:33.609+0000] {dag.py:3096} INFO - Sync 1 DAGs
[2025-05-24T20:19:33.624+0000] {logging_mixin.py:188} INFO - [2025-05-24T20:19:33.624+0000] {dag.py:3954} INFO - Setting next_dagrun for mysql_query_dag to None, run_after=None
[2025-05-24T20:19:33.814+0000] {processor.py:183} INFO - Processing /opt/airflow/dags/code_2.py took 0.373 seconds
[2025-05-24T20:20:04.126+0000] {processor.py:161} INFO - Started process (PID=397) to work on /opt/airflow/dags/code_2.py
[2025-05-24T20:20:04.127+0000] {processor.py:830} INFO - Processing file /opt/airflow/dags/code_2.py for tasks to queue
[2025-05-24T20:20:04.130+0000] {logging_mixin.py:188} INFO - [2025-05-24T20:20:04.129+0000] {dagbag.py:545} INFO - Filling up the DagBag from /opt/airflow/dags/code_2.py
[2025-05-24T20:20:04.168+0000] {processor.py:840} INFO - DAG(s) 'mysql_query_dag' retrieved from /opt/airflow/dags/code_2.py
[2025-05-24T20:20:04.202+0000] {logging_mixin.py:188} INFO - [2025-05-24T20:20:04.201+0000] {dag.py:3096} INFO - Sync 1 DAGs
[2025-05-24T20:20:04.219+0000] {logging_mixin.py:188} INFO - [2025-05-24T20:20:04.219+0000] {dag.py:3954} INFO - Setting next_dagrun for mysql_query_dag to None, run_after=None
[2025-05-24T20:20:04.284+0000] {processor.py:183} INFO - Processing /opt/airflow/dags/code_2.py took 0.167 seconds
[2025-05-24T20:20:34.584+0000] {processor.py:161} INFO - Started process (PID=399) to work on /opt/airflow/dags/code_2.py
[2025-05-24T20:20:34.587+0000] {processor.py:830} INFO - Processing file /opt/airflow/dags/code_2.py for tasks to queue
[2025-05-24T20:20:34.593+0000] {logging_mixin.py:188} INFO - [2025-05-24T20:20:34.592+0000] {dagbag.py:545} INFO - Filling up the DagBag from /opt/airflow/dags/code_2.py
[2025-05-24T20:20:34.649+0000] {processor.py:840} INFO - DAG(s) 'mysql_query_dag' retrieved from /opt/airflow/dags/code_2.py
[2025-05-24T20:20:34.683+0000] {logging_mixin.py:188} INFO - [2025-05-24T20:20:34.681+0000] {dag.py:3096} INFO - Sync 1 DAGs
[2025-05-24T20:20:34.707+0000] {logging_mixin.py:188} INFO - [2025-05-24T20:20:34.707+0000] {dag.py:3954} INFO - Setting next_dagrun for mysql_query_dag to None, run_after=None
[2025-05-24T20:20:34.778+0000] {processor.py:183} INFO - Processing /opt/airflow/dags/code_2.py took 0.214 seconds
[2025-05-24T20:21:05.127+0000] {processor.py:161} INFO - Started process (PID=401) to work on /opt/airflow/dags/code_2.py
[2025-05-24T20:21:05.129+0000] {processor.py:830} INFO - Processing file /opt/airflow/dags/code_2.py for tasks to queue
[2025-05-24T20:21:05.132+0000] {logging_mixin.py:188} INFO - [2025-05-24T20:21:05.132+0000] {dagbag.py:545} INFO - Filling up the DagBag from /opt/airflow/dags/code_2.py
[2025-05-24T20:21:05.193+0000] {processor.py:840} INFO - DAG(s) 'mysql_query_dag' retrieved from /opt/airflow/dags/code_2.py
[2025-05-24T20:21:05.234+0000] {logging_mixin.py:188} INFO - [2025-05-24T20:21:05.234+0000] {dag.py:3096} INFO - Sync 1 DAGs
[2025-05-24T20:21:05.261+0000] {logging_mixin.py:188} INFO - [2025-05-24T20:21:05.261+0000] {dag.py:3954} INFO - Setting next_dagrun for mysql_query_dag to None, run_after=None
[2025-05-24T20:21:05.372+0000] {processor.py:183} INFO - Processing /opt/airflow/dags/code_2.py took 0.259 seconds
[2025-05-24T20:21:35.996+0000] {processor.py:161} INFO - Started process (PID=403) to work on /opt/airflow/dags/code_2.py
[2025-05-24T20:21:35.997+0000] {processor.py:830} INFO - Processing file /opt/airflow/dags/code_2.py for tasks to queue
[2025-05-24T20:21:35.999+0000] {logging_mixin.py:188} INFO - [2025-05-24T20:21:35.998+0000] {dagbag.py:545} INFO - Filling up the DagBag from /opt/airflow/dags/code_2.py
[2025-05-24T20:21:36.029+0000] {processor.py:840} INFO - DAG(s) 'mysql_query_dag' retrieved from /opt/airflow/dags/code_2.py
[2025-05-24T20:21:36.071+0000] {logging_mixin.py:188} INFO - [2025-05-24T20:21:36.071+0000] {dag.py:3096} INFO - Sync 1 DAGs
[2025-05-24T20:21:36.089+0000] {logging_mixin.py:188} INFO - [2025-05-24T20:21:36.089+0000] {dag.py:3954} INFO - Setting next_dagrun for mysql_query_dag to None, run_after=None
[2025-05-24T20:21:36.149+0000] {processor.py:183} INFO - Processing /opt/airflow/dags/code_2.py took 0.160 seconds
[2025-05-24T20:22:06.357+0000] {processor.py:161} INFO - Started process (PID=405) to work on /opt/airflow/dags/code_2.py
[2025-05-24T20:22:06.358+0000] {processor.py:830} INFO - Processing file /opt/airflow/dags/code_2.py for tasks to queue
[2025-05-24T20:22:06.360+0000] {logging_mixin.py:188} INFO - [2025-05-24T20:22:06.360+0000] {dagbag.py:545} INFO - Filling up the DagBag from /opt/airflow/dags/code_2.py
[2025-05-24T20:22:06.396+0000] {processor.py:840} INFO - DAG(s) 'mysql_query_dag' retrieved from /opt/airflow/dags/code_2.py
[2025-05-24T20:22:06.429+0000] {logging_mixin.py:188} INFO - [2025-05-24T20:22:06.428+0000] {dag.py:3096} INFO - Sync 1 DAGs
[2025-05-24T20:22:06.444+0000] {logging_mixin.py:188} INFO - [2025-05-24T20:22:06.444+0000] {dag.py:3954} INFO - Setting next_dagrun for mysql_query_dag to None, run_after=None
[2025-05-24T20:22:06.502+0000] {processor.py:183} INFO - Processing /opt/airflow/dags/code_2.py took 0.153 seconds
[2025-05-24T20:22:36.718+0000] {processor.py:161} INFO - Started process (PID=407) to work on /opt/airflow/dags/code_2.py
[2025-05-24T20:22:36.721+0000] {processor.py:830} INFO - Processing file /opt/airflow/dags/code_2.py for tasks to queue
[2025-05-24T20:22:36.726+0000] {logging_mixin.py:188} INFO - [2025-05-24T20:22:36.725+0000] {dagbag.py:545} INFO - Filling up the DagBag from /opt/airflow/dags/code_2.py
[2025-05-24T20:22:36.787+0000] {processor.py:840} INFO - DAG(s) 'mysql_query_dag' retrieved from /opt/airflow/dags/code_2.py
[2025-05-24T20:22:36.826+0000] {logging_mixin.py:188} INFO - [2025-05-24T20:22:36.826+0000] {dag.py:3096} INFO - Sync 1 DAGs
[2025-05-24T20:22:36.845+0000] {logging_mixin.py:188} INFO - [2025-05-24T20:22:36.845+0000] {dag.py:3954} INFO - Setting next_dagrun for mysql_query_dag to None, run_after=None
[2025-05-24T20:22:36.921+0000] {processor.py:183} INFO - Processing /opt/airflow/dags/code_2.py took 0.216 seconds
[2025-05-24T20:23:07.216+0000] {processor.py:161} INFO - Started process (PID=409) to work on /opt/airflow/dags/code_2.py
[2025-05-24T20:23:07.218+0000] {processor.py:830} INFO - Processing file /opt/airflow/dags/code_2.py for tasks to queue
[2025-05-24T20:23:07.220+0000] {logging_mixin.py:188} INFO - [2025-05-24T20:23:07.220+0000] {dagbag.py:545} INFO - Filling up the DagBag from /opt/airflow/dags/code_2.py
[2025-05-24T20:23:07.261+0000] {processor.py:840} INFO - DAG(s) 'mysql_query_dag' retrieved from /opt/airflow/dags/code_2.py
[2025-05-24T20:23:07.298+0000] {logging_mixin.py:188} INFO - [2025-05-24T20:23:07.298+0000] {dag.py:3096} INFO - Sync 1 DAGs
[2025-05-24T20:23:07.318+0000] {logging_mixin.py:188} INFO - [2025-05-24T20:23:07.318+0000] {dag.py:3954} INFO - Setting next_dagrun for mysql_query_dag to None, run_after=None
[2025-05-24T20:23:07.379+0000] {processor.py:183} INFO - Processing /opt/airflow/dags/code_2.py took 0.173 seconds
[2025-05-24T20:23:37.662+0000] {processor.py:161} INFO - Started process (PID=411) to work on /opt/airflow/dags/code_2.py
[2025-05-24T20:23:37.664+0000] {processor.py:830} INFO - Processing file /opt/airflow/dags/code_2.py for tasks to queue
[2025-05-24T20:23:37.666+0000] {logging_mixin.py:188} INFO - [2025-05-24T20:23:37.666+0000] {dagbag.py:545} INFO - Filling up the DagBag from /opt/airflow/dags/code_2.py
[2025-05-24T20:23:37.698+0000] {processor.py:840} INFO - DAG(s) 'mysql_query_dag' retrieved from /opt/airflow/dags/code_2.py
[2025-05-24T20:23:37.735+0000] {logging_mixin.py:188} INFO - [2025-05-24T20:23:37.735+0000] {dag.py:3096} INFO - Sync 1 DAGs
[2025-05-24T20:23:37.752+0000] {logging_mixin.py:188} INFO - [2025-05-24T20:23:37.752+0000] {dag.py:3954} INFO - Setting next_dagrun for mysql_query_dag to None, run_after=None
[2025-05-24T20:23:37.801+0000] {processor.py:183} INFO - Processing /opt/airflow/dags/code_2.py took 0.148 seconds
[2025-05-24T20:24:08.185+0000] {processor.py:161} INFO - Started process (PID=413) to work on /opt/airflow/dags/code_2.py
[2025-05-24T20:24:08.188+0000] {processor.py:830} INFO - Processing file /opt/airflow/dags/code_2.py for tasks to queue
[2025-05-24T20:24:08.191+0000] {logging_mixin.py:188} INFO - [2025-05-24T20:24:08.191+0000] {dagbag.py:545} INFO - Filling up the DagBag from /opt/airflow/dags/code_2.py
[2025-05-24T20:24:08.277+0000] {processor.py:840} INFO - DAG(s) 'mysql_query_dag' retrieved from /opt/airflow/dags/code_2.py
[2025-05-24T20:24:08.329+0000] {logging_mixin.py:188} INFO - [2025-05-24T20:24:08.328+0000] {dag.py:3096} INFO - Sync 1 DAGs
[2025-05-24T20:24:08.364+0000] {logging_mixin.py:188} INFO - [2025-05-24T20:24:08.363+0000] {dag.py:3954} INFO - Setting next_dagrun for mysql_query_dag to None, run_after=None
[2025-05-24T20:24:08.447+0000] {processor.py:183} INFO - Processing /opt/airflow/dags/code_2.py took 0.286 seconds
[2025-05-24T20:24:38.875+0000] {processor.py:161} INFO - Started process (PID=415) to work on /opt/airflow/dags/code_2.py
[2025-05-24T20:24:38.876+0000] {processor.py:830} INFO - Processing file /opt/airflow/dags/code_2.py for tasks to queue
[2025-05-24T20:24:38.878+0000] {logging_mixin.py:188} INFO - [2025-05-24T20:24:38.878+0000] {dagbag.py:545} INFO - Filling up the DagBag from /opt/airflow/dags/code_2.py
[2025-05-24T20:24:38.922+0000] {processor.py:840} INFO - DAG(s) 'mysql_query_dag' retrieved from /opt/airflow/dags/code_2.py
[2025-05-24T20:24:38.961+0000] {logging_mixin.py:188} INFO - [2025-05-24T20:24:38.960+0000] {dag.py:3096} INFO - Sync 1 DAGs
[2025-05-24T20:24:38.980+0000] {logging_mixin.py:188} INFO - [2025-05-24T20:24:38.980+0000] {dag.py:3954} INFO - Setting next_dagrun for mysql_query_dag to None, run_after=None
[2025-05-24T20:24:39.050+0000] {processor.py:183} INFO - Processing /opt/airflow/dags/code_2.py took 0.183 seconds
[2025-05-24T20:25:09.325+0000] {processor.py:161} INFO - Started process (PID=417) to work on /opt/airflow/dags/code_2.py
[2025-05-24T20:25:09.330+0000] {processor.py:830} INFO - Processing file /opt/airflow/dags/code_2.py for tasks to queue
[2025-05-24T20:25:09.335+0000] {logging_mixin.py:188} INFO - [2025-05-24T20:25:09.334+0000] {dagbag.py:545} INFO - Filling up the DagBag from /opt/airflow/dags/code_2.py
[2025-05-24T20:25:09.397+0000] {processor.py:840} INFO - DAG(s) 'mysql_query_dag' retrieved from /opt/airflow/dags/code_2.py
[2025-05-24T20:25:09.451+0000] {logging_mixin.py:188} INFO - [2025-05-24T20:25:09.450+0000] {dag.py:3096} INFO - Sync 1 DAGs
[2025-05-24T20:25:09.474+0000] {logging_mixin.py:188} INFO - [2025-05-24T20:25:09.473+0000] {dag.py:3954} INFO - Setting next_dagrun for mysql_query_dag to None, run_after=None
[2025-05-24T20:25:09.565+0000] {processor.py:183} INFO - Processing /opt/airflow/dags/code_2.py took 0.260 seconds
[2025-05-24T20:25:39.870+0000] {processor.py:161} INFO - Started process (PID=419) to work on /opt/airflow/dags/code_2.py
[2025-05-24T20:25:39.871+0000] {processor.py:830} INFO - Processing file /opt/airflow/dags/code_2.py for tasks to queue
[2025-05-24T20:25:39.873+0000] {logging_mixin.py:188} INFO - [2025-05-24T20:25:39.872+0000] {dagbag.py:545} INFO - Filling up the DagBag from /opt/airflow/dags/code_2.py
[2025-05-24T20:25:39.912+0000] {processor.py:840} INFO - DAG(s) 'mysql_query_dag' retrieved from /opt/airflow/dags/code_2.py
[2025-05-24T20:25:39.951+0000] {logging_mixin.py:188} INFO - [2025-05-24T20:25:39.951+0000] {dag.py:3096} INFO - Sync 1 DAGs
[2025-05-24T20:25:39.968+0000] {logging_mixin.py:188} INFO - [2025-05-24T20:25:39.968+0000] {dag.py:3954} INFO - Setting next_dagrun for mysql_query_dag to None, run_after=None
[2025-05-24T20:25:40.020+0000] {processor.py:183} INFO - Processing /opt/airflow/dags/code_2.py took 0.161 seconds
[2025-05-24T20:26:10.363+0000] {processor.py:161} INFO - Started process (PID=421) to work on /opt/airflow/dags/code_2.py
[2025-05-24T20:26:10.364+0000] {processor.py:830} INFO - Processing file /opt/airflow/dags/code_2.py for tasks to queue
[2025-05-24T20:26:10.367+0000] {logging_mixin.py:188} INFO - [2025-05-24T20:26:10.367+0000] {dagbag.py:545} INFO - Filling up the DagBag from /opt/airflow/dags/code_2.py
[2025-05-24T20:26:10.399+0000] {processor.py:840} INFO - DAG(s) 'mysql_query_dag' retrieved from /opt/airflow/dags/code_2.py
[2025-05-24T20:26:10.432+0000] {logging_mixin.py:188} INFO - [2025-05-24T20:26:10.432+0000] {dag.py:3096} INFO - Sync 1 DAGs
[2025-05-24T20:26:10.449+0000] {logging_mixin.py:188} INFO - [2025-05-24T20:26:10.449+0000] {dag.py:3954} INFO - Setting next_dagrun for mysql_query_dag to None, run_after=None
[2025-05-24T20:26:10.513+0000] {processor.py:183} INFO - Processing /opt/airflow/dags/code_2.py took 0.156 seconds
[2025-05-24T20:26:40.952+0000] {processor.py:161} INFO - Started process (PID=423) to work on /opt/airflow/dags/code_2.py
[2025-05-24T20:26:40.953+0000] {processor.py:830} INFO - Processing file /opt/airflow/dags/code_2.py for tasks to queue
[2025-05-24T20:26:40.956+0000] {logging_mixin.py:188} INFO - [2025-05-24T20:26:40.956+0000] {dagbag.py:545} INFO - Filling up the DagBag from /opt/airflow/dags/code_2.py
[2025-05-24T20:26:41.005+0000] {processor.py:840} INFO - DAG(s) 'mysql_query_dag' retrieved from /opt/airflow/dags/code_2.py
[2025-05-24T20:26:41.034+0000] {logging_mixin.py:188} INFO - [2025-05-24T20:26:41.034+0000] {dag.py:3096} INFO - Sync 1 DAGs
[2025-05-24T20:26:41.052+0000] {logging_mixin.py:188} INFO - [2025-05-24T20:26:41.051+0000] {dag.py:3954} INFO - Setting next_dagrun for mysql_query_dag to None, run_after=None
[2025-05-24T20:26:41.116+0000] {processor.py:183} INFO - Processing /opt/airflow/dags/code_2.py took 0.179 seconds
[2025-05-24T20:27:11.420+0000] {processor.py:161} INFO - Started process (PID=425) to work on /opt/airflow/dags/code_2.py
[2025-05-24T20:27:11.421+0000] {processor.py:830} INFO - Processing file /opt/airflow/dags/code_2.py for tasks to queue
[2025-05-24T20:27:11.424+0000] {logging_mixin.py:188} INFO - [2025-05-24T20:27:11.423+0000] {dagbag.py:545} INFO - Filling up the DagBag from /opt/airflow/dags/code_2.py
[2025-05-24T20:27:11.465+0000] {processor.py:840} INFO - DAG(s) 'mysql_query_dag' retrieved from /opt/airflow/dags/code_2.py
[2025-05-24T20:27:11.498+0000] {logging_mixin.py:188} INFO - [2025-05-24T20:27:11.498+0000] {dag.py:3096} INFO - Sync 1 DAGs
[2025-05-24T20:27:11.518+0000] {logging_mixin.py:188} INFO - [2025-05-24T20:27:11.518+0000] {dag.py:3954} INFO - Setting next_dagrun for mysql_query_dag to None, run_after=None
[2025-05-24T20:27:11.626+0000] {processor.py:183} INFO - Processing /opt/airflow/dags/code_2.py took 0.214 seconds
[2025-05-24T20:27:41.944+0000] {processor.py:161} INFO - Started process (PID=427) to work on /opt/airflow/dags/code_2.py
[2025-05-24T20:27:41.946+0000] {processor.py:830} INFO - Processing file /opt/airflow/dags/code_2.py for tasks to queue
[2025-05-24T20:27:41.948+0000] {logging_mixin.py:188} INFO - [2025-05-24T20:27:41.947+0000] {dagbag.py:545} INFO - Filling up the DagBag from /opt/airflow/dags/code_2.py
[2025-05-24T20:27:41.988+0000] {processor.py:840} INFO - DAG(s) 'mysql_query_dag' retrieved from /opt/airflow/dags/code_2.py
[2025-05-24T20:27:42.025+0000] {logging_mixin.py:188} INFO - [2025-05-24T20:27:42.025+0000] {dag.py:3096} INFO - Sync 1 DAGs
[2025-05-24T20:27:42.040+0000] {logging_mixin.py:188} INFO - [2025-05-24T20:27:42.040+0000] {dag.py:3954} INFO - Setting next_dagrun for mysql_query_dag to None, run_after=None
[2025-05-24T20:27:42.103+0000] {processor.py:183} INFO - Processing /opt/airflow/dags/code_2.py took 0.166 seconds
[2025-05-24T20:28:12.308+0000] {processor.py:161} INFO - Started process (PID=429) to work on /opt/airflow/dags/code_2.py
[2025-05-24T20:28:12.310+0000] {processor.py:830} INFO - Processing file /opt/airflow/dags/code_2.py for tasks to queue
[2025-05-24T20:28:12.312+0000] {logging_mixin.py:188} INFO - [2025-05-24T20:28:12.311+0000] {dagbag.py:545} INFO - Filling up the DagBag from /opt/airflow/dags/code_2.py
[2025-05-24T20:28:12.344+0000] {processor.py:840} INFO - DAG(s) 'mysql_query_dag' retrieved from /opt/airflow/dags/code_2.py
[2025-05-24T20:28:12.377+0000] {logging_mixin.py:188} INFO - [2025-05-24T20:28:12.376+0000] {dag.py:3096} INFO - Sync 1 DAGs
[2025-05-24T20:28:12.392+0000] {logging_mixin.py:188} INFO - [2025-05-24T20:28:12.392+0000] {dag.py:3954} INFO - Setting next_dagrun for mysql_query_dag to None, run_after=None
[2025-05-24T20:28:12.454+0000] {processor.py:183} INFO - Processing /opt/airflow/dags/code_2.py took 0.152 seconds
[2025-05-24T20:28:42.682+0000] {processor.py:161} INFO - Started process (PID=431) to work on /opt/airflow/dags/code_2.py
[2025-05-24T20:28:42.683+0000] {processor.py:830} INFO - Processing file /opt/airflow/dags/code_2.py for tasks to queue
[2025-05-24T20:28:42.685+0000] {logging_mixin.py:188} INFO - [2025-05-24T20:28:42.684+0000] {dagbag.py:545} INFO - Filling up the DagBag from /opt/airflow/dags/code_2.py
[2025-05-24T20:28:42.714+0000] {processor.py:840} INFO - DAG(s) 'mysql_query_dag' retrieved from /opt/airflow/dags/code_2.py
[2025-05-24T20:28:42.747+0000] {logging_mixin.py:188} INFO - [2025-05-24T20:28:42.747+0000] {dag.py:3096} INFO - Sync 1 DAGs
[2025-05-24T20:28:42.763+0000] {logging_mixin.py:188} INFO - [2025-05-24T20:28:42.763+0000] {dag.py:3954} INFO - Setting next_dagrun for mysql_query_dag to None, run_after=None
[2025-05-24T20:28:42.812+0000] {processor.py:183} INFO - Processing /opt/airflow/dags/code_2.py took 0.136 seconds
[2025-05-24T20:29:13.025+0000] {processor.py:161} INFO - Started process (PID=433) to work on /opt/airflow/dags/code_2.py
[2025-05-24T20:29:13.027+0000] {processor.py:830} INFO - Processing file /opt/airflow/dags/code_2.py for tasks to queue
[2025-05-24T20:29:13.029+0000] {logging_mixin.py:188} INFO - [2025-05-24T20:29:13.028+0000] {dagbag.py:545} INFO - Filling up the DagBag from /opt/airflow/dags/code_2.py
[2025-05-24T20:29:13.069+0000] {processor.py:840} INFO - DAG(s) 'mysql_query_dag' retrieved from /opt/airflow/dags/code_2.py
[2025-05-24T20:29:13.104+0000] {logging_mixin.py:188} INFO - [2025-05-24T20:29:13.104+0000] {dag.py:3096} INFO - Sync 1 DAGs
[2025-05-24T20:29:13.123+0000] {logging_mixin.py:188} INFO - [2025-05-24T20:29:13.122+0000] {dag.py:3954} INFO - Setting next_dagrun for mysql_query_dag to None, run_after=None
[2025-05-24T20:29:13.222+0000] {processor.py:183} INFO - Processing /opt/airflow/dags/code_2.py took 0.207 seconds
[2025-05-24T20:29:43.575+0000] {processor.py:161} INFO - Started process (PID=435) to work on /opt/airflow/dags/code_2.py
[2025-05-24T20:29:43.576+0000] {processor.py:830} INFO - Processing file /opt/airflow/dags/code_2.py for tasks to queue
[2025-05-24T20:29:43.579+0000] {logging_mixin.py:188} INFO - [2025-05-24T20:29:43.579+0000] {dagbag.py:545} INFO - Filling up the DagBag from /opt/airflow/dags/code_2.py
[2025-05-24T20:29:43.616+0000] {processor.py:840} INFO - DAG(s) 'mysql_query_dag' retrieved from /opt/airflow/dags/code_2.py
[2025-05-24T20:29:43.654+0000] {logging_mixin.py:188} INFO - [2025-05-24T20:29:43.653+0000] {dag.py:3096} INFO - Sync 1 DAGs
[2025-05-24T20:29:43.671+0000] {logging_mixin.py:188} INFO - [2025-05-24T20:29:43.671+0000] {dag.py:3954} INFO - Setting next_dagrun for mysql_query_dag to None, run_after=None
[2025-05-24T20:29:43.739+0000] {processor.py:183} INFO - Processing /opt/airflow/dags/code_2.py took 0.171 seconds
[2025-05-24T20:30:13.944+0000] {processor.py:161} INFO - Started process (PID=437) to work on /opt/airflow/dags/code_2.py
[2025-05-24T20:30:13.945+0000] {processor.py:830} INFO - Processing file /opt/airflow/dags/code_2.py for tasks to queue
[2025-05-24T20:30:13.947+0000] {logging_mixin.py:188} INFO - [2025-05-24T20:30:13.946+0000] {dagbag.py:545} INFO - Filling up the DagBag from /opt/airflow/dags/code_2.py
[2025-05-24T20:30:13.974+0000] {processor.py:840} INFO - DAG(s) 'mysql_query_dag' retrieved from /opt/airflow/dags/code_2.py
[2025-05-24T20:30:14.008+0000] {logging_mixin.py:188} INFO - [2025-05-24T20:30:14.008+0000] {dag.py:3096} INFO - Sync 1 DAGs
[2025-05-24T20:30:14.023+0000] {logging_mixin.py:188} INFO - [2025-05-24T20:30:14.023+0000] {dag.py:3954} INFO - Setting next_dagrun for mysql_query_dag to None, run_after=None
[2025-05-24T20:30:14.097+0000] {processor.py:183} INFO - Processing /opt/airflow/dags/code_2.py took 0.159 seconds
[2025-05-24T20:30:44.358+0000] {processor.py:161} INFO - Started process (PID=439) to work on /opt/airflow/dags/code_2.py
[2025-05-24T20:30:44.360+0000] {processor.py:830} INFO - Processing file /opt/airflow/dags/code_2.py for tasks to queue
[2025-05-24T20:30:44.362+0000] {logging_mixin.py:188} INFO - [2025-05-24T20:30:44.362+0000] {dagbag.py:545} INFO - Filling up the DagBag from /opt/airflow/dags/code_2.py
[2025-05-24T20:30:44.417+0000] {processor.py:840} INFO - DAG(s) 'mysql_query_dag' retrieved from /opt/airflow/dags/code_2.py
[2025-05-24T20:30:44.459+0000] {logging_mixin.py:188} INFO - [2025-05-24T20:30:44.459+0000] {dag.py:3096} INFO - Sync 1 DAGs
[2025-05-24T20:30:44.486+0000] {logging_mixin.py:188} INFO - [2025-05-24T20:30:44.486+0000] {dag.py:3954} INFO - Setting next_dagrun for mysql_query_dag to None, run_after=None
[2025-05-24T20:30:44.577+0000] {processor.py:183} INFO - Processing /opt/airflow/dags/code_2.py took 0.231 seconds
[2025-05-24T20:31:14.831+0000] {processor.py:161} INFO - Started process (PID=441) to work on /opt/airflow/dags/code_2.py
[2025-05-24T20:31:14.834+0000] {processor.py:830} INFO - Processing file /opt/airflow/dags/code_2.py for tasks to queue
[2025-05-24T20:31:14.837+0000] {logging_mixin.py:188} INFO - [2025-05-24T20:31:14.837+0000] {dagbag.py:545} INFO - Filling up the DagBag from /opt/airflow/dags/code_2.py
[2025-05-24T20:31:14.879+0000] {processor.py:840} INFO - DAG(s) 'mysql_query_dag' retrieved from /opt/airflow/dags/code_2.py
[2025-05-24T20:31:14.923+0000] {logging_mixin.py:188} INFO - [2025-05-24T20:31:14.922+0000] {dag.py:3096} INFO - Sync 1 DAGs
[2025-05-24T20:31:14.940+0000] {logging_mixin.py:188} INFO - [2025-05-24T20:31:14.939+0000] {dag.py:3954} INFO - Setting next_dagrun for mysql_query_dag to None, run_after=None
[2025-05-24T20:31:15.038+0000] {processor.py:183} INFO - Processing /opt/airflow/dags/code_2.py took 0.216 seconds
[2025-05-24T20:31:45.444+0000] {processor.py:161} INFO - Started process (PID=443) to work on /opt/airflow/dags/code_2.py
[2025-05-24T20:31:45.445+0000] {processor.py:830} INFO - Processing file /opt/airflow/dags/code_2.py for tasks to queue
[2025-05-24T20:31:45.447+0000] {logging_mixin.py:188} INFO - [2025-05-24T20:31:45.447+0000] {dagbag.py:545} INFO - Filling up the DagBag from /opt/airflow/dags/code_2.py
[2025-05-24T20:31:45.478+0000] {processor.py:840} INFO - DAG(s) 'mysql_query_dag' retrieved from /opt/airflow/dags/code_2.py
[2025-05-24T20:31:45.509+0000] {logging_mixin.py:188} INFO - [2025-05-24T20:31:45.508+0000] {dag.py:3096} INFO - Sync 1 DAGs
[2025-05-24T20:31:45.524+0000] {logging_mixin.py:188} INFO - [2025-05-24T20:31:45.524+0000] {dag.py:3954} INFO - Setting next_dagrun for mysql_query_dag to None, run_after=None
[2025-05-24T20:31:45.569+0000] {processor.py:183} INFO - Processing /opt/airflow/dags/code_2.py took 0.132 seconds
[2025-05-24T20:32:15.850+0000] {processor.py:161} INFO - Started process (PID=445) to work on /opt/airflow/dags/code_2.py
[2025-05-24T20:32:15.851+0000] {processor.py:830} INFO - Processing file /opt/airflow/dags/code_2.py for tasks to queue
[2025-05-24T20:32:15.854+0000] {logging_mixin.py:188} INFO - [2025-05-24T20:32:15.854+0000] {dagbag.py:545} INFO - Filling up the DagBag from /opt/airflow/dags/code_2.py
[2025-05-24T20:32:15.895+0000] {processor.py:840} INFO - DAG(s) 'mysql_query_dag' retrieved from /opt/airflow/dags/code_2.py
[2025-05-24T20:32:15.938+0000] {logging_mixin.py:188} INFO - [2025-05-24T20:32:15.938+0000] {dag.py:3096} INFO - Sync 1 DAGs
[2025-05-24T20:32:15.959+0000] {logging_mixin.py:188} INFO - [2025-05-24T20:32:15.959+0000] {dag.py:3954} INFO - Setting next_dagrun for mysql_query_dag to None, run_after=None
[2025-05-24T20:32:16.037+0000] {processor.py:183} INFO - Processing /opt/airflow/dags/code_2.py took 0.194 seconds
[2025-05-24T20:32:46.612+0000] {processor.py:161} INFO - Started process (PID=447) to work on /opt/airflow/dags/code_2.py
[2025-05-24T20:32:46.614+0000] {processor.py:830} INFO - Processing file /opt/airflow/dags/code_2.py for tasks to queue
[2025-05-24T20:32:46.616+0000] {logging_mixin.py:188} INFO - [2025-05-24T20:32:46.615+0000] {dagbag.py:545} INFO - Filling up the DagBag from /opt/airflow/dags/code_2.py
[2025-05-24T20:32:46.646+0000] {processor.py:840} INFO - DAG(s) 'mysql_query_dag' retrieved from /opt/airflow/dags/code_2.py
[2025-05-24T20:32:46.677+0000] {logging_mixin.py:188} INFO - [2025-05-24T20:32:46.677+0000] {dag.py:3096} INFO - Sync 1 DAGs
[2025-05-24T20:32:46.693+0000] {logging_mixin.py:188} INFO - [2025-05-24T20:32:46.692+0000] {dag.py:3954} INFO - Setting next_dagrun for mysql_query_dag to None, run_after=None
[2025-05-24T20:32:46.742+0000] {processor.py:183} INFO - Processing /opt/airflow/dags/code_2.py took 0.136 seconds
[2025-05-24T20:33:17.056+0000] {processor.py:161} INFO - Started process (PID=449) to work on /opt/airflow/dags/code_2.py
[2025-05-24T20:33:17.057+0000] {processor.py:830} INFO - Processing file /opt/airflow/dags/code_2.py for tasks to queue
[2025-05-24T20:33:17.059+0000] {logging_mixin.py:188} INFO - [2025-05-24T20:33:17.059+0000] {dagbag.py:545} INFO - Filling up the DagBag from /opt/airflow/dags/code_2.py
[2025-05-24T20:33:17.094+0000] {processor.py:840} INFO - DAG(s) 'mysql_query_dag' retrieved from /opt/airflow/dags/code_2.py
[2025-05-24T20:33:17.128+0000] {logging_mixin.py:188} INFO - [2025-05-24T20:33:17.128+0000] {dag.py:3096} INFO - Sync 1 DAGs
[2025-05-24T20:33:17.145+0000] {logging_mixin.py:188} INFO - [2025-05-24T20:33:17.145+0000] {dag.py:3954} INFO - Setting next_dagrun for mysql_query_dag to None, run_after=None
[2025-05-24T20:33:17.196+0000] {processor.py:183} INFO - Processing /opt/airflow/dags/code_2.py took 0.149 seconds
[2025-05-24T20:33:47.520+0000] {processor.py:161} INFO - Started process (PID=451) to work on /opt/airflow/dags/code_2.py
[2025-05-24T20:33:47.521+0000] {processor.py:830} INFO - Processing file /opt/airflow/dags/code_2.py for tasks to queue
[2025-05-24T20:33:47.523+0000] {logging_mixin.py:188} INFO - [2025-05-24T20:33:47.523+0000] {dagbag.py:545} INFO - Filling up the DagBag from /opt/airflow/dags/code_2.py
[2025-05-24T20:33:47.556+0000] {processor.py:840} INFO - DAG(s) 'mysql_query_dag' retrieved from /opt/airflow/dags/code_2.py
[2025-05-24T20:33:47.587+0000] {logging_mixin.py:188} INFO - [2025-05-24T20:33:47.587+0000] {dag.py:3096} INFO - Sync 1 DAGs
[2025-05-24T20:33:47.603+0000] {logging_mixin.py:188} INFO - [2025-05-24T20:33:47.603+0000] {dag.py:3954} INFO - Setting next_dagrun for mysql_query_dag to None, run_after=None
[2025-05-24T20:33:47.656+0000] {processor.py:183} INFO - Processing /opt/airflow/dags/code_2.py took 0.143 seconds
[2025-05-24T20:34:17.866+0000] {processor.py:161} INFO - Started process (PID=453) to work on /opt/airflow/dags/code_2.py
[2025-05-24T20:34:17.868+0000] {processor.py:830} INFO - Processing file /opt/airflow/dags/code_2.py for tasks to queue
[2025-05-24T20:34:17.870+0000] {logging_mixin.py:188} INFO - [2025-05-24T20:34:17.869+0000] {dagbag.py:545} INFO - Filling up the DagBag from /opt/airflow/dags/code_2.py
[2025-05-24T20:34:17.903+0000] {processor.py:840} INFO - DAG(s) 'mysql_query_dag' retrieved from /opt/airflow/dags/code_2.py
[2025-05-24T20:34:17.934+0000] {logging_mixin.py:188} INFO - [2025-05-24T20:34:17.934+0000] {dag.py:3096} INFO - Sync 1 DAGs
[2025-05-24T20:34:17.951+0000] {logging_mixin.py:188} INFO - [2025-05-24T20:34:17.951+0000] {dag.py:3954} INFO - Setting next_dagrun for mysql_query_dag to None, run_after=None
[2025-05-24T20:34:18.014+0000] {processor.py:183} INFO - Processing /opt/airflow/dags/code_2.py took 0.155 seconds
[2025-05-24T20:34:48.228+0000] {processor.py:161} INFO - Started process (PID=455) to work on /opt/airflow/dags/code_2.py
[2025-05-24T20:34:48.229+0000] {processor.py:830} INFO - Processing file /opt/airflow/dags/code_2.py for tasks to queue
[2025-05-24T20:34:48.231+0000] {logging_mixin.py:188} INFO - [2025-05-24T20:34:48.231+0000] {dagbag.py:545} INFO - Filling up the DagBag from /opt/airflow/dags/code_2.py
[2025-05-24T20:34:48.263+0000] {processor.py:840} INFO - DAG(s) 'mysql_query_dag' retrieved from /opt/airflow/dags/code_2.py
[2025-05-24T20:34:48.293+0000] {logging_mixin.py:188} INFO - [2025-05-24T20:34:48.293+0000] {dag.py:3096} INFO - Sync 1 DAGs
[2025-05-24T20:34:48.308+0000] {logging_mixin.py:188} INFO - [2025-05-24T20:34:48.308+0000] {dag.py:3954} INFO - Setting next_dagrun for mysql_query_dag to None, run_after=None
[2025-05-24T20:34:48.365+0000] {processor.py:183} INFO - Processing /opt/airflow/dags/code_2.py took 0.143 seconds
[2025-05-24T20:35:18.654+0000] {processor.py:161} INFO - Started process (PID=457) to work on /opt/airflow/dags/code_2.py
[2025-05-24T20:35:18.655+0000] {processor.py:830} INFO - Processing file /opt/airflow/dags/code_2.py for tasks to queue
[2025-05-24T20:35:18.659+0000] {logging_mixin.py:188} INFO - [2025-05-24T20:35:18.658+0000] {dagbag.py:545} INFO - Filling up the DagBag from /opt/airflow/dags/code_2.py
[2025-05-24T20:35:18.694+0000] {processor.py:840} INFO - DAG(s) 'mysql_query_dag' retrieved from /opt/airflow/dags/code_2.py
[2025-05-24T20:35:18.727+0000] {logging_mixin.py:188} INFO - [2025-05-24T20:35:18.727+0000] {dag.py:3096} INFO - Sync 1 DAGs
[2025-05-24T20:35:18.745+0000] {logging_mixin.py:188} INFO - [2025-05-24T20:35:18.745+0000] {dag.py:3954} INFO - Setting next_dagrun for mysql_query_dag to None, run_after=None
[2025-05-24T20:35:18.793+0000] {processor.py:183} INFO - Processing /opt/airflow/dags/code_2.py took 0.146 seconds
[2025-05-24T20:35:49.199+0000] {processor.py:161} INFO - Started process (PID=459) to work on /opt/airflow/dags/code_2.py
[2025-05-24T20:35:49.200+0000] {processor.py:830} INFO - Processing file /opt/airflow/dags/code_2.py for tasks to queue
[2025-05-24T20:35:49.202+0000] {logging_mixin.py:188} INFO - [2025-05-24T20:35:49.202+0000] {dagbag.py:545} INFO - Filling up the DagBag from /opt/airflow/dags/code_2.py
[2025-05-24T20:35:49.236+0000] {processor.py:840} INFO - DAG(s) 'mysql_query_dag' retrieved from /opt/airflow/dags/code_2.py
[2025-05-24T20:35:49.268+0000] {logging_mixin.py:188} INFO - [2025-05-24T20:35:49.268+0000] {dag.py:3096} INFO - Sync 1 DAGs
[2025-05-24T20:35:49.286+0000] {logging_mixin.py:188} INFO - [2025-05-24T20:35:49.285+0000] {dag.py:3954} INFO - Setting next_dagrun for mysql_query_dag to None, run_after=None
[2025-05-24T20:35:49.333+0000] {processor.py:183} INFO - Processing /opt/airflow/dags/code_2.py took 0.141 seconds
[2025-05-24T20:36:19.603+0000] {processor.py:161} INFO - Started process (PID=461) to work on /opt/airflow/dags/code_2.py
[2025-05-24T20:36:19.604+0000] {processor.py:830} INFO - Processing file /opt/airflow/dags/code_2.py for tasks to queue
[2025-05-24T20:36:19.607+0000] {logging_mixin.py:188} INFO - [2025-05-24T20:36:19.606+0000] {dagbag.py:545} INFO - Filling up the DagBag from /opt/airflow/dags/code_2.py
[2025-05-24T20:36:19.652+0000] {processor.py:840} INFO - DAG(s) 'mysql_query_dag' retrieved from /opt/airflow/dags/code_2.py
[2025-05-24T20:36:19.689+0000] {logging_mixin.py:188} INFO - [2025-05-24T20:36:19.688+0000] {dag.py:3096} INFO - Sync 1 DAGs
[2025-05-24T20:36:19.706+0000] {logging_mixin.py:188} INFO - [2025-05-24T20:36:19.706+0000] {dag.py:3954} INFO - Setting next_dagrun for mysql_query_dag to None, run_after=None
[2025-05-24T20:36:19.764+0000] {processor.py:183} INFO - Processing /opt/airflow/dags/code_2.py took 0.168 seconds
[2025-05-24T20:36:49.953+0000] {processor.py:161} INFO - Started process (PID=463) to work on /opt/airflow/dags/code_2.py
[2025-05-24T20:36:49.954+0000] {processor.py:830} INFO - Processing file /opt/airflow/dags/code_2.py for tasks to queue
[2025-05-24T20:36:49.956+0000] {logging_mixin.py:188} INFO - [2025-05-24T20:36:49.956+0000] {dagbag.py:545} INFO - Filling up the DagBag from /opt/airflow/dags/code_2.py
[2025-05-24T20:36:49.982+0000] {processor.py:840} INFO - DAG(s) 'mysql_query_dag' retrieved from /opt/airflow/dags/code_2.py
[2025-05-24T20:36:50.012+0000] {logging_mixin.py:188} INFO - [2025-05-24T20:36:50.012+0000] {dag.py:3096} INFO - Sync 1 DAGs
[2025-05-24T20:36:50.026+0000] {logging_mixin.py:188} INFO - [2025-05-24T20:36:50.026+0000] {dag.py:3954} INFO - Setting next_dagrun for mysql_query_dag to None, run_after=None
[2025-05-24T20:36:50.081+0000] {processor.py:183} INFO - Processing /opt/airflow/dags/code_2.py took 0.134 seconds
[2025-05-24T20:37:20.431+0000] {processor.py:161} INFO - Started process (PID=465) to work on /opt/airflow/dags/code_2.py
[2025-05-24T20:37:20.433+0000] {processor.py:830} INFO - Processing file /opt/airflow/dags/code_2.py for tasks to queue
[2025-05-24T20:37:20.434+0000] {logging_mixin.py:188} INFO - [2025-05-24T20:37:20.434+0000] {dagbag.py:545} INFO - Filling up the DagBag from /opt/airflow/dags/code_2.py
[2025-05-24T20:37:20.465+0000] {processor.py:840} INFO - DAG(s) 'mysql_query_dag' retrieved from /opt/airflow/dags/code_2.py
[2025-05-24T20:37:20.502+0000] {logging_mixin.py:188} INFO - [2025-05-24T20:37:20.501+0000] {dag.py:3096} INFO - Sync 1 DAGs
[2025-05-24T20:37:20.518+0000] {logging_mixin.py:188} INFO - [2025-05-24T20:37:20.518+0000] {dag.py:3954} INFO - Setting next_dagrun for mysql_query_dag to None, run_after=None
[2025-05-24T20:37:20.568+0000] {processor.py:183} INFO - Processing /opt/airflow/dags/code_2.py took 0.143 seconds
[2025-05-24T20:37:50.858+0000] {processor.py:161} INFO - Started process (PID=467) to work on /opt/airflow/dags/code_2.py
[2025-05-24T20:37:50.860+0000] {processor.py:830} INFO - Processing file /opt/airflow/dags/code_2.py for tasks to queue
[2025-05-24T20:37:50.862+0000] {logging_mixin.py:188} INFO - [2025-05-24T20:37:50.861+0000] {dagbag.py:545} INFO - Filling up the DagBag from /opt/airflow/dags/code_2.py
[2025-05-24T20:37:50.893+0000] {processor.py:840} INFO - DAG(s) 'mysql_query_dag' retrieved from /opt/airflow/dags/code_2.py
[2025-05-24T20:37:50.923+0000] {logging_mixin.py:188} INFO - [2025-05-24T20:37:50.923+0000] {dag.py:3096} INFO - Sync 1 DAGs
[2025-05-24T20:37:50.937+0000] {logging_mixin.py:188} INFO - [2025-05-24T20:37:50.937+0000] {dag.py:3954} INFO - Setting next_dagrun for mysql_query_dag to None, run_after=None
[2025-05-24T20:37:50.985+0000] {processor.py:183} INFO - Processing /opt/airflow/dags/code_2.py took 0.134 seconds
[2025-05-24T20:38:21.413+0000] {processor.py:161} INFO - Started process (PID=469) to work on /opt/airflow/dags/code_2.py
[2025-05-24T20:38:21.414+0000] {processor.py:830} INFO - Processing file /opt/airflow/dags/code_2.py for tasks to queue
[2025-05-24T20:38:21.417+0000] {logging_mixin.py:188} INFO - [2025-05-24T20:38:21.416+0000] {dagbag.py:545} INFO - Filling up the DagBag from /opt/airflow/dags/code_2.py
[2025-05-24T20:38:21.456+0000] {processor.py:840} INFO - DAG(s) 'mysql_query_dag' retrieved from /opt/airflow/dags/code_2.py
[2025-05-24T20:38:21.490+0000] {logging_mixin.py:188} INFO - [2025-05-24T20:38:21.490+0000] {dag.py:3096} INFO - Sync 1 DAGs
[2025-05-24T20:38:21.508+0000] {logging_mixin.py:188} INFO - [2025-05-24T20:38:21.508+0000] {dag.py:3954} INFO - Setting next_dagrun for mysql_query_dag to None, run_after=None
[2025-05-24T20:38:21.576+0000] {processor.py:183} INFO - Processing /opt/airflow/dags/code_2.py took 0.172 seconds
[2025-05-24T20:38:51.786+0000] {processor.py:161} INFO - Started process (PID=471) to work on /opt/airflow/dags/code_2.py
[2025-05-24T20:38:51.787+0000] {processor.py:830} INFO - Processing file /opt/airflow/dags/code_2.py for tasks to queue
[2025-05-24T20:38:51.789+0000] {logging_mixin.py:188} INFO - [2025-05-24T20:38:51.789+0000] {dagbag.py:545} INFO - Filling up the DagBag from /opt/airflow/dags/code_2.py
[2025-05-24T20:38:51.819+0000] {processor.py:840} INFO - DAG(s) 'mysql_query_dag' retrieved from /opt/airflow/dags/code_2.py
[2025-05-24T20:38:51.852+0000] {logging_mixin.py:188} INFO - [2025-05-24T20:38:51.852+0000] {dag.py:3096} INFO - Sync 1 DAGs
[2025-05-24T20:38:51.868+0000] {logging_mixin.py:188} INFO - [2025-05-24T20:38:51.868+0000] {dag.py:3954} INFO - Setting next_dagrun for mysql_query_dag to None, run_after=None
[2025-05-24T20:38:51.926+0000] {processor.py:183} INFO - Processing /opt/airflow/dags/code_2.py took 0.146 seconds
[2025-05-24T20:39:22.335+0000] {processor.py:161} INFO - Started process (PID=473) to work on /opt/airflow/dags/code_2.py
[2025-05-24T20:39:22.336+0000] {processor.py:830} INFO - Processing file /opt/airflow/dags/code_2.py for tasks to queue
[2025-05-24T20:39:22.338+0000] {logging_mixin.py:188} INFO - [2025-05-24T20:39:22.338+0000] {dagbag.py:545} INFO - Filling up the DagBag from /opt/airflow/dags/code_2.py
[2025-05-24T20:39:22.381+0000] {processor.py:840} INFO - DAG(s) 'mysql_query_dag' retrieved from /opt/airflow/dags/code_2.py
[2025-05-24T20:39:22.418+0000] {logging_mixin.py:188} INFO - [2025-05-24T20:39:22.418+0000] {dag.py:3096} INFO - Sync 1 DAGs
[2025-05-24T20:39:22.437+0000] {logging_mixin.py:188} INFO - [2025-05-24T20:39:22.437+0000] {dag.py:3954} INFO - Setting next_dagrun for mysql_query_dag to None, run_after=None
[2025-05-24T20:39:22.510+0000] {processor.py:183} INFO - Processing /opt/airflow/dags/code_2.py took 0.183 seconds
[2025-05-24T20:39:52.732+0000] {processor.py:161} INFO - Started process (PID=475) to work on /opt/airflow/dags/code_2.py
[2025-05-24T20:39:52.733+0000] {processor.py:830} INFO - Processing file /opt/airflow/dags/code_2.py for tasks to queue
[2025-05-24T20:39:52.735+0000] {logging_mixin.py:188} INFO - [2025-05-24T20:39:52.735+0000] {dagbag.py:545} INFO - Filling up the DagBag from /opt/airflow/dags/code_2.py
[2025-05-24T20:39:52.771+0000] {processor.py:840} INFO - DAG(s) 'mysql_query_dag' retrieved from /opt/airflow/dags/code_2.py
[2025-05-24T20:39:52.804+0000] {logging_mixin.py:188} INFO - [2025-05-24T20:39:52.803+0000] {dag.py:3096} INFO - Sync 1 DAGs
[2025-05-24T20:39:52.821+0000] {logging_mixin.py:188} INFO - [2025-05-24T20:39:52.820+0000] {dag.py:3954} INFO - Setting next_dagrun for mysql_query_dag to None, run_after=None
[2025-05-24T20:39:52.883+0000] {processor.py:183} INFO - Processing /opt/airflow/dags/code_2.py took 0.158 seconds
[2025-05-24T20:40:23.319+0000] {processor.py:161} INFO - Started process (PID=477) to work on /opt/airflow/dags/code_2.py
[2025-05-24T20:40:23.321+0000] {processor.py:830} INFO - Processing file /opt/airflow/dags/code_2.py for tasks to queue
[2025-05-24T20:40:23.324+0000] {logging_mixin.py:188} INFO - [2025-05-24T20:40:23.323+0000] {dagbag.py:545} INFO - Filling up the DagBag from /opt/airflow/dags/code_2.py
[2025-05-24T20:40:23.358+0000] {processor.py:840} INFO - DAG(s) 'mysql_query_dag' retrieved from /opt/airflow/dags/code_2.py
[2025-05-24T20:40:23.390+0000] {logging_mixin.py:188} INFO - [2025-05-24T20:40:23.389+0000] {dag.py:3096} INFO - Sync 1 DAGs
[2025-05-24T20:40:23.406+0000] {logging_mixin.py:188} INFO - [2025-05-24T20:40:23.406+0000] {dag.py:3954} INFO - Setting next_dagrun for mysql_query_dag to None, run_after=None
[2025-05-24T20:40:23.455+0000] {processor.py:183} INFO - Processing /opt/airflow/dags/code_2.py took 0.143 seconds
[2025-05-24T20:40:53.644+0000] {processor.py:161} INFO - Started process (PID=479) to work on /opt/airflow/dags/code_2.py
[2025-05-24T20:40:53.645+0000] {processor.py:830} INFO - Processing file /opt/airflow/dags/code_2.py for tasks to queue
[2025-05-24T20:40:53.647+0000] {logging_mixin.py:188} INFO - [2025-05-24T20:40:53.647+0000] {dagbag.py:545} INFO - Filling up the DagBag from /opt/airflow/dags/code_2.py
[2025-05-24T20:40:53.681+0000] {processor.py:840} INFO - DAG(s) 'mysql_query_dag' retrieved from /opt/airflow/dags/code_2.py
[2025-05-24T20:40:53.715+0000] {logging_mixin.py:188} INFO - [2025-05-24T20:40:53.714+0000] {dag.py:3096} INFO - Sync 1 DAGs
[2025-05-24T20:40:53.731+0000] {logging_mixin.py:188} INFO - [2025-05-24T20:40:53.731+0000] {dag.py:3954} INFO - Setting next_dagrun for mysql_query_dag to None, run_after=None
[2025-05-24T20:40:53.790+0000] {processor.py:183} INFO - Processing /opt/airflow/dags/code_2.py took 0.154 seconds
[2025-05-24T20:41:24.198+0000] {processor.py:161} INFO - Started process (PID=481) to work on /opt/airflow/dags/code_2.py
[2025-05-24T20:41:24.199+0000] {processor.py:830} INFO - Processing file /opt/airflow/dags/code_2.py for tasks to queue
[2025-05-24T20:41:24.202+0000] {logging_mixin.py:188} INFO - [2025-05-24T20:41:24.201+0000] {dagbag.py:545} INFO - Filling up the DagBag from /opt/airflow/dags/code_2.py
[2025-05-24T20:41:24.237+0000] {processor.py:840} INFO - DAG(s) 'mysql_query_dag' retrieved from /opt/airflow/dags/code_2.py
[2025-05-24T20:41:24.268+0000] {logging_mixin.py:188} INFO - [2025-05-24T20:41:24.268+0000] {dag.py:3096} INFO - Sync 1 DAGs
[2025-05-24T20:41:24.285+0000] {logging_mixin.py:188} INFO - [2025-05-24T20:41:24.285+0000] {dag.py:3954} INFO - Setting next_dagrun for mysql_query_dag to None, run_after=None
[2025-05-24T20:41:24.353+0000] {processor.py:183} INFO - Processing /opt/airflow/dags/code_2.py took 0.162 seconds
[2025-05-24T20:41:56.887+0000] {processor.py:161} INFO - Started process (PID=483) to work on /opt/airflow/dags/code_2.py
[2025-05-24T20:41:56.915+0000] {processor.py:830} INFO - Processing file /opt/airflow/dags/code_2.py for tasks to queue
[2025-05-24T20:41:56.933+0000] {logging_mixin.py:188} INFO - [2025-05-24T20:41:56.932+0000] {dagbag.py:545} INFO - Filling up the DagBag from /opt/airflow/dags/code_2.py
[2025-05-24T20:41:57.123+0000] {processor.py:840} INFO - DAG(s) 'mysql_query_dag' retrieved from /opt/airflow/dags/code_2.py
[2025-05-24T20:41:57.429+0000] {logging_mixin.py:188} INFO - [2025-05-24T20:41:57.429+0000] {dag.py:3096} INFO - Sync 1 DAGs
[2025-05-24T20:41:57.534+0000] {logging_mixin.py:188} INFO - [2025-05-24T20:41:57.534+0000] {dag.py:3954} INFO - Setting next_dagrun for mysql_query_dag to None, run_after=None
[2025-05-24T20:41:57.765+0000] {processor.py:183} INFO - Processing /opt/airflow/dags/code_2.py took 0.901 seconds
