[2025-05-24T19:02:24.003+0000] {local_task_job_runner.py:120} INFO - ::group::Pre task execution logs
[2025-05-24T19:02:24.033+0000] {taskinstance.py:2076} INFO - Dependencies all met for dep_context=non-requeueable deps ti=<TaskInstance: welcome_dag.print_date_format scheduled__2025-05-23T00:01:00+00:00 [queued]>
[2025-05-24T19:02:24.044+0000] {taskinstance.py:2076} INFO - Dependencies all met for dep_context=requeueable deps ti=<TaskInstance: welcome_dag.print_date_format scheduled__2025-05-23T00:01:00+00:00 [queued]>
[2025-05-24T19:02:24.045+0000] {taskinstance.py:2306} INFO - Starting attempt 1 of 1
[2025-05-24T19:02:24.071+0000] {taskinstance.py:2330} INFO - Executing <Task(PythonOperator): print_date_format> on 2025-05-23 00:01:00+00:00
[2025-05-24T19:02:24.074+0000] {standard_task_runner.py:63} INFO - Started process 176 to run task
[2025-05-24T19:02:24.077+0000] {standard_task_runner.py:90} INFO - Running: ['airflow', 'tasks', 'run', 'welcome_dag', 'print_date_format', 'scheduled__2025-05-23T00:01:00+00:00', '--job-id', '10', '--raw', '--subdir', 'DAGS_FOLDER/welcome.py', '--cfg-path', '/tmp/tmpmuw67nrq']
[2025-05-24T19:02:24.079+0000] {standard_task_runner.py:91} INFO - Job 10: Subtask print_date_format
[2025-05-24T19:02:24.153+0000] {task_command.py:426} INFO - Running <TaskInstance: welcome_dag.print_date_format scheduled__2025-05-23T00:01:00+00:00 [running]> on host fa09eeb0c661
[2025-05-24T19:02:24.274+0000] {taskinstance.py:2648} INFO - Exporting env vars: AIRFLOW_CTX_DAG_OWNER='airflow' AIRFLOW_CTX_DAG_ID='welcome_dag' AIRFLOW_CTX_TASK_ID='print_date_format' AIRFLOW_CTX_EXECUTION_DATE='2025-05-23T00:01:00+00:00' AIRFLOW_CTX_TRY_NUMBER='1' AIRFLOW_CTX_DAG_RUN_ID='scheduled__2025-05-23T00:01:00+00:00'
[2025-05-24T19:02:24.275+0000] {taskinstance.py:430} INFO - ::endgroup::
[2025-05-24T19:02:24.288+0000] {logging_mixin.py:188} INFO - Printing the date format
[2025-05-24T19:02:24.288+0000] {logging_mixin.py:188} INFO - TODAY DATE IS THIS ....
[2025-05-24T19:02:24.289+0000] {logging_mixin.py:188} INFO - datetime.now :  2025-05-24 19:02:24.289390
[2025-05-24T19:02:24.289+0000] {logging_mixin.py:188} INFO - time delta :  1 day, 0:00:00
[2025-05-24T19:02:24.290+0000] {logging_mixin.py:188} INFO - 2025-05-23 19:02:24.290399
[2025-05-24T19:02:24.290+0000] {python.py:237} INFO - Done. Returned value was: None
[2025-05-24T19:02:24.291+0000] {taskinstance.py:441} INFO - ::group::Post task execution logs
[2025-05-24T19:02:24.303+0000] {taskinstance.py:1206} INFO - Marking task as SUCCESS. dag_id=welcome_dag, task_id=print_date_format, run_id=scheduled__2025-05-23T00:01:00+00:00, execution_date=20250523T000100, start_date=20250524T190224, end_date=20250524T190224
[2025-05-24T19:02:24.372+0000] {local_task_job_runner.py:240} INFO - Task exited with return code 0
[2025-05-24T19:02:24.423+0000] {taskinstance.py:3498} INFO - 0 downstream tasks scheduled from follow-on schedule check
[2025-05-24T19:02:24.425+0000] {local_task_job_runner.py:222} INFO - ::endgroup::
